<?xml version="1.0" encoding="UTF-8" ?>
<testsuite tests="12" failures="6" name="be.unamur.info.b314.compiler.main.B314whileinstructionSyntaxTest" time="0.659" errors="0" skipped="0">
  <properties>
[...]
</properties>
  <testcase classname="be.unamur.info.b314.compiler.main.B314whileinstructionSyntaxTest" name="testwhileinstruction_while_with_sub_whiles_ok" time="0.011">
    <failure message="whileinstruction: while_with_sub_whiles
Expected: a string ending with &quot;OK\r\n&quot;
     but: was &quot;KO
&quot;" type="java.lang.AssertionError">java.lang.AssertionError: whileinstruction: while_with_sub_whiles
Expected: a string ending with &quot;OK\r\n&quot;
     but: was &quot;KO
&quot;
	at org.hamcrest.MatcherAssert.assertThat(MatcherAssert.java:20)
	at org.junit.Assert.assertThat(Assert.java:956)
	at be.unamur.info.b314.compiler.main.CompilerTestHelper.launchCompilation(CompilerTestHelper.java:42)
	at be.unamur.info.b314.compiler.main.B314whileinstructionSyntaxTest.testwhileinstruction_while_with_sub_whiles_ok(B314whileinstructionSyntaxTest.java:59)
	at sun.reflect.NativeMethodAccessorImpl.invoke0(Native Method)
	at sun.reflect.NativeMethodAccessorImpl.invoke(NativeMethodAccessorImpl.java:62)
	at sun.reflect.DelegatingMethodAccessorImpl.invoke(DelegatingMethodAccessorImpl.java:43)
	at java.lang.reflect.Method.invoke(Method.java:497)
	at org.junit.runners.model.FrameworkMethod$1.runReflectiveCall(FrameworkMethod.java:50)
	at org.junit.internal.runners.model.ReflectiveCallable.run(ReflectiveCallable.java:12)
	at org.junit.runners.model.FrameworkMethod.invokeExplosively(FrameworkMethod.java:47)
	at org.junit.internal.runners.statements.InvokeMethod.evaluate(InvokeMethod.java:17)
	at org.junit.rules.ExternalResource$1.evaluate(ExternalResource.java:48)
	at org.junit.rules.TestWatcher$1.evaluate(TestWatcher.java:55)
	at org.junit.rules.RunRules.evaluate(RunRules.java:20)
	at org.junit.runners.ParentRunner.runLeaf(ParentRunner.java:325)
	at org.junit.runners.BlockJUnit4ClassRunner.runChild(BlockJUnit4ClassRunner.java:78)
	at org.junit.runners.BlockJUnit4ClassRunner.runChild(BlockJUnit4ClassRunner.java:57)
	at org.junit.runners.ParentRunner$3.run(ParentRunner.java:290)
	at org.junit.runners.ParentRunner$1.schedule(ParentRunner.java:71)
	at org.junit.runners.ParentRunner.runChildren(ParentRunner.java:288)
	at org.junit.runners.ParentRunner.access$000(ParentRunner.java:58)
	at org.junit.runners.ParentRunner$2.evaluate(ParentRunner.java:268)
	at org.junit.runners.ParentRunner.run(ParentRunner.java:363)
	at org.apache.maven.surefire.junit4.JUnit4Provider.execute(JUnit4Provider.java:252)
	at org.apache.maven.surefire.junit4.JUnit4Provider.executeTestSet(JUnit4Provider.java:141)
	at org.apache.maven.surefire.junit4.JUnit4Provider.invoke(JUnit4Provider.java:112)
	at sun.reflect.NativeMethodAccessorImpl.invoke0(Native Method)
	at sun.reflect.NativeMethodAccessorImpl.invoke(NativeMethodAccessorImpl.java:62)
	at sun.reflect.DelegatingMethodAccessorImpl.invoke(DelegatingMethodAccessorImpl.java:43)
	at java.lang.reflect.Method.invoke(Method.java:497)
	at org.apache.maven.surefire.util.ReflectionUtils.invokeMethodWithArray(ReflectionUtils.java:189)
	at org.apache.maven.surefire.booter.ProviderFactory$ProviderProxy.invoke(ProviderFactory.java:165)
	at org.apache.maven.surefire.booter.ProviderFactory.invokeProvider(ProviderFactory.java:85)
	at org.apache.maven.surefire.booter.ForkedBooter.runSuitesInProcess(ForkedBooter.java:115)
	at org.apache.maven.surefire.booter.ForkedBooter.main(ForkedBooter.java:75)
</failure>
    <system-out>12:46:32.483 [main] INFO  - Starting test: testwhileinstruction_while_with_sub_whiles_ok()...
org.apache.commons.cli.CommandLine@1f14f20c
12:46:32.485 [main] DEBUG - Initialisation
12:46:32.486 [main] DEBUG - Input file set to C:\Users\Nathalie Masudi\b314-Jour-MonkeyIsland\target\test-classes\syntax\whileinstruction\ok\while_with_sub_whiles.b314
12:46:32.486 [main] DEBUG - Output file set to C:\Users\NATHAL~1\AppData\Local\Temp\junit390003385503332363\junit3943142491822986189.tmp
12:46:32.486 [main] DEBUG - Initialisation: done
jessica1
12:46:32.503 [main] DEBUG - Parsing input
/* My comments */ 
declare and retain 
    b as boolean;
    i as integer;
    s as square;
when your turn
by default
    do 
        while true and false or b or nearby[2, i + 1] = dirt  do 
        	skip skip skip 
        	while not (false and i &lt; 5 or b) do 
        		while true and false do 
        			skip skip 
        		done
	        	skip 
        	done
        	compute b 
        	set b to true and false
        	while not (false and i &lt; 5 or b) do 
        		set i to i + 1 skip 
	       		while true and false  or nearby[2, i + 1] = dirt do 
	       			skip skip 
	       		done 
        	done
        done
    done

&amp;#0;&amp;#0;&amp;#0;&amp;#0;&amp;#0;&amp;#0;&amp;#0;&amp;#0;&amp;#0;&amp;#0;&amp;#0;&amp;#0;&amp;#0;&amp;#0;&amp;#0;&amp;#0;&amp;#0;&amp;#0;&amp;#0;&amp;#0;&amp;#0;&amp;#0;&amp;#0;&amp;#0;&amp;#0;&amp;#0;&amp;#0;&amp;#0;&amp;#0;&amp;#0;&amp;#0;&amp;#0;&amp;#0;&amp;#0;&amp;#0;&amp;#0;&amp;#0;&amp;#0;&amp;#0;&amp;#0;&amp;#0;&amp;#0;&amp;#0;&amp;#0;&amp;#0;&amp;#0;&amp;#0;&amp;#0;&amp;#0;&amp;#0;&amp;#0;&amp;#0;&amp;#0;&amp;#0;&amp;#0;&amp;#0;&amp;#0;&amp;#0;&amp;#0;&amp;#0;&amp;#0;&amp;#0;&amp;#0;&amp;#0;&amp;#0;&amp;#0;&amp;#0;&amp;#0;&amp;#0;&amp;#0;&amp;#0;&amp;#0;&amp;#0;&amp;#0;&amp;#0;&amp;#0;&amp;#0;&amp;#0;&amp;#0;&amp;#0;&amp;#0;&amp;#0;&amp;#0;&amp;#0;&amp;#0;&amp;#0;&amp;#0;&amp;#0;&amp;#0;&amp;#0;&amp;#0;&amp;#0;&amp;#0;&amp;#0;&amp;#0;&amp;#0;&amp;#0;&amp;#0;&amp;#0;&amp;#0;&amp;#0;&amp;#0;&amp;#0;&amp;#0;&amp;#0;&amp;#0;&amp;#0;&amp;#0;&amp;#0;&amp;#0;&amp;#0;&amp;#0;&amp;#0;&amp;#0;&amp;#0;&amp;#0;&amp;#0;&amp;#0;&amp;#0;&amp;#0;&amp;#0;&amp;#0;&amp;#0;&amp;#0;&amp;#0;&amp;#0;&amp;#0;&amp;#0;&amp;#0;&amp;#0;&amp;#0;&amp;#0;&amp;#0;&amp;#0;&amp;#0;&amp;#0;&amp;#0;&amp;#0;&amp;#0;&amp;#0;&amp;#0;&amp;#0;&amp;#0;&amp;#0;&amp;#0;&amp;#0;&amp;#0;&amp;#0;&amp;#0;&amp;#0;&amp;#0;&amp;#0;&amp;#0;&amp;#0;&amp;#0;&amp;#0;&amp;#0;&amp;#0;&amp;#0;&amp;#0;&amp;#0;&amp;#0;&amp;#0;&amp;#0;&amp;#0;&amp;#0;&amp;#0;&amp;#0;&amp;#0;&amp;#0;&amp;#0;&amp;#0;&amp;#0;&amp;#0;&amp;#0;&amp;#0;&amp;#0;&amp;#0;&amp;#0;&amp;#0;&amp;#0;&amp;#0;&amp;#0;&amp;#0;&amp;#0;&amp;#0;&amp;#0;&amp;#0;&amp;#0;&amp;#0;&amp;#0;&amp;#0;&amp;#0;&amp;#0;&amp;#0;&amp;#0;&amp;#0;&amp;#0;&amp;#0;&amp;#0;&amp;#0;&amp;#0;&amp;#0;&amp;#0;&amp;#0;&amp;#0;&amp;#0;&amp;#0;&amp;#0;&amp;#0;&amp;#0;&amp;#0;&amp;#0;&amp;#0;&amp;#0;&amp;#0;&amp;#0;&amp;#0;&amp;#0;&amp;#0;&amp;#0;&amp;#0;&amp;#0;&amp;#0;&amp;#0;&amp;#0;&amp;#0;&amp;#0;&amp;#0;&amp;#0;&amp;#0;&amp;#0;&amp;#0;&amp;#0;&amp;#0;&amp;#0;&amp;#0;&amp;#0;&amp;#0;&amp;#0;&amp;#0;&amp;#0;&amp;#0;&amp;#0;&amp;#0;&amp;#0;&amp;#0;&amp;#0;&amp;#0;&amp;#0;&amp;#0;&amp;#0;&amp;#0;&amp;#0;&amp;#0;&amp;#0;&amp;#0;&amp;#0;&amp;#0;&amp;#0;&amp;#0;&amp;#0;&amp;#0;&amp;#0;&amp;#0;&amp;#0;&amp;#0;&amp;#0;&amp;#0;&amp;#0;&amp;#0;&amp;#0;&amp;#0;&amp;#0;&amp;#0;&amp;#0;&amp;#0;&amp;#0;&amp;#0;&amp;#0;&amp;#0;&amp;#0;&amp;#0;&amp;#0;&amp;#0;&amp;#0;&amp;#0;&amp;#0;&amp;#0;&amp;#0;&amp;#0;&amp;#0;&amp;#0;&amp;#0;&amp;#0;&amp;#0;&amp;#0;&amp;#0;&amp;#0;&amp;#0;&amp;#0;&amp;#0;&amp;#0;&amp;#0;&amp;#0;&amp;#0;&amp;#0;&amp;#0;&amp;#0;&amp;#0;&amp;#0;&amp;#0;&amp;#0;&amp;#0;&amp;#0;&amp;#0;&amp;#0;&amp;#0;&amp;#0;&amp;#0;&amp;#0;&amp;#0;&amp;#0;&amp;#0;&amp;#0;&amp;#0;&amp;#0;&amp;#0;&amp;#0;&amp;#0;&amp;#0;&amp;#0;&amp;#0;&amp;#0;&amp;#0;&amp;#0;&amp;#0;&amp;#0;&amp;#0;&amp;#0;&amp;#0;&amp;#0;&amp;#0;&amp;#0;&amp;#0;&amp;#0;&amp;#0;&amp;#0;&amp;#0;&amp;#0;&amp;#0;&amp;#0;&amp;#0;&amp;#0;&amp;#0;&amp;#0;&amp;#0;&amp;#0;&amp;#0;&amp;#0;&amp;#0;&amp;#0;&amp;#0;&amp;#0;&amp;#0;&amp;#0;&amp;#0;&amp;#0;&amp;#0;&amp;#0;&amp;#0;&amp;#0;&amp;#0;&amp;#0;&amp;#0;&amp;#0;&amp;#0;&amp;#0;&amp;#0;&amp;#0;&amp;#0;&amp;#0;&amp;#0;&amp;#0;&amp;#0;&amp;#0;&amp;#0;&amp;#0;&amp;#0;&amp;#0;&amp;#0;&amp;#0;&amp;#0;&amp;#0;&amp;#0;&amp;#0;&amp;#0;&amp;#0;&amp;#0;&amp;#0;&amp;#0;&amp;#0;&amp;#0;&amp;#0;&amp;#0;&amp;#0;&amp;#0;&amp;#0;&amp;#0;&amp;#0;&amp;#0;&amp;#0;&amp;#0;&amp;#0;&amp;#0;&amp;#0;&amp;#0;&amp;#0;&amp;#0;&amp;#0;&amp;#0;&amp;#0;&amp;#0;&amp;#0;&amp;#0;&amp;#0;&amp;#0;&amp;#0;&amp;#0;&amp;#0;&amp;#0;&amp;#0;&amp;#0;&amp;#0;&amp;#0;&amp;#0;&amp;#0;&amp;#0;&amp;#0;&amp;#0;&amp;#0;&amp;#0;&amp;#0;&amp;#0;&amp;#0;&amp;#0;&amp;#0;&amp;#0;&amp;#0;&amp;#0;&amp;#0;&amp;#0;&amp;#0;&amp;#0;&amp;#0;&amp;#0;&amp;#0;&amp;#0;&amp;#0;&amp;#0;&amp;#0;&amp;#0;&amp;#0;&amp;#0;&amp;#0;&amp;#0;&amp;#0;&amp;#0;&amp;#0;&amp;#0;&amp;#0;&amp;#0;&amp;#0;&amp;#0;&amp;#0;&amp;#0;&amp;#0;&amp;#0;&amp;#0;&amp;#0;&amp;#0;&amp;#0;&amp;#0;&amp;#0;&amp;#0;&amp;#0;&amp;#0;&amp;#0;&amp;#0;&amp;#0;&amp;#0;&amp;#0;&amp;#0;&amp;#0;&amp;#0;&amp;#0;&amp;#0;&amp;#0;&amp;#0;&amp;#0;&amp;#0;&amp;#0;&amp;#0;&amp;#0;&amp;#0;&amp;#0;&amp;#0;&amp;#0;&amp;#0;&amp;#0;&amp;#0;&amp;#0;&amp;#0;&amp;#0;&amp;#0;&amp;#0;&amp;#0;&amp;#0;&amp;#0;&amp;#0;&amp;#0;&amp;#0;&amp;#0;&amp;#0;&amp;#0;&amp;#0;&amp;#0;&amp;#0;&amp;#0;&amp;#0;&amp;#0;&amp;#0;&amp;#0;&amp;#0;&amp;#0;&amp;#0;&amp;#0;&amp;#0;&amp;#0;&amp;#0;&amp;#0;&amp;#0;&amp;#0;&amp;#0;&amp;#0;&amp;#0;&amp;#0;&amp;#0;&amp;#0;&amp;#0;&amp;#0;&amp;#0;&amp;#0;&amp;#0;&amp;#0;&amp;#0;&amp;#0;&amp;#0;&amp;#0;&amp;#0;&amp;#0;&amp;#0;&amp;#0;&amp;#0;&amp;#0;&amp;#0;&amp;#0;&amp;#0;&amp;#0;&amp;#0;&amp;#0;&amp;#0;&amp;#0;&amp;#0;&amp;#0;&amp;#0;&amp;#0;&amp;#0;&amp;#0;&amp;#0;&amp;#0;&amp;#0;&amp;#0;&amp;#0;&amp;#0;&amp;#0;&amp;#0;&amp;#0;&amp;#0;&amp;#0;&amp;#0;&amp;#0;&amp;#0;&amp;#0;&amp;#0;&amp;#0;&amp;#0;&amp;#0;&amp;#0;&amp;#0;&amp;#0;&amp;#0;&amp;#0;&amp;#0;&amp;#0;&amp;#0;&amp;#0;&amp;#0;&amp;#0;&amp;#0;&amp;#0;&amp;#0;&amp;#0;&amp;#0;&amp;#0;&amp;#0;&amp;#0;&amp;#0;&amp;#0;&amp;#0;&amp;#0;&amp;#0;&amp;#0;&amp;#0;&amp;#0;&amp;#0;&amp;#0;&amp;#0;&amp;#0;&amp;#0;&amp;#0;&amp;#0;&amp;#0;&amp;#0;&amp;#0;&amp;#0;&amp;#0;&amp;#0;&amp;#0;&amp;#0;&amp;#0;&amp;#0;&amp;#0;&amp;#0;&amp;#0;&amp;#0;&amp;#0;&amp;#0;&amp;#0;&amp;#0;&amp;#0;&amp;#0;&amp;#0;&amp;#0;&amp;#0;&amp;#0;&amp;#0;&amp;#0;&amp;#0;&amp;#0;&amp;#0;&amp;#0;&amp;#0;&amp;#0;&amp;#0;&amp;#0;&amp;#0;&amp;#0;&amp;#0;&amp;#0;&amp;#0;&amp;#0;&amp;#0;&amp;#0;&amp;#0;&amp;#0;&amp;#0;&amp;#0;&amp;#0;&amp;#0;&amp;#0;&amp;#0;&amp;#0;&amp;#0;&amp;#0;&amp;#0;&amp;#0;&amp;#0;&amp;#0;&amp;#0;&amp;#0;&amp;#0;&amp;#0;&amp;#0;&amp;#0;&amp;#0;&amp;#0;&amp;#0;&amp;#0;&amp;#0;&amp;#0;&amp;#0;&amp;#0;&amp;#0;&amp;#0;&amp;#0;&amp;#0;&amp;#0;&amp;#0;&amp;#0;&amp;#0;&amp;#0;&amp;#0;&amp;#0;&amp;#0;&amp;#0;&amp;#0;&amp;#0;&amp;#0;&amp;#0;&amp;#0;&amp;#0;&amp;#0;&amp;#0;&amp;#0;&amp;#0;&amp;#0;&amp;#0;&amp;#0;&amp;#0;&amp;#0;&amp;#0;&amp;#0;&amp;#0;&amp;#0;&amp;#0;&amp;#0;&amp;#0;&amp;#0;&amp;#0;&amp;#0;&amp;#0;&amp;#0;&amp;#0;&amp;#0;&amp;#0;&amp;#0;&amp;#0;&amp;#0;&amp;#0;&amp;#0;&amp;#0;&amp;#0;&amp;#0;&amp;#0;&amp;#0;&amp;#0;&amp;#0;&amp;#0;&amp;#0;&amp;#0;&amp;#0;&amp;#0;&amp;#0;&amp;#0;&amp;#0;&amp;#0;&amp;#0;&amp;#0;&amp;#0;&amp;#0;&amp;#0;&amp;#0;&amp;#0;&amp;#0;&amp;#0;&amp;#0;&amp;#0;&amp;#0;&amp;#0;&amp;#0;&amp;#0;&amp;#0;&amp;#0;&amp;#0;&amp;#0;&amp;#0;&amp;#0;&amp;#0;&amp;#0;&amp;#0;&amp;#0;&amp;#0;&amp;#0;&amp;#0;&amp;#0;&amp;#0;&amp;#0;&amp;#0;&amp;#0;&amp;#0;&amp;#0;&amp;#0;&amp;#0;&amp;#0;&amp;#0;&amp;#0;&amp;#0;&amp;#0;&amp;#0;&amp;#0;&amp;#0;&amp;#0;&amp;#0;&amp;#0;&amp;#0;&amp;#0;&amp;#0;&amp;#0;&amp;#0;&amp;#0;&amp;#0;&amp;#0;&amp;#0;&amp;#0;&amp;#0;&amp;#0;&amp;#0;&amp;#0;&amp;#0;&amp;#0;&amp;#0;&amp;#0;&amp;#0;&amp;#0;&amp;#0;&amp;#0;&amp;#0;&amp;#0;&amp;#0;&amp;#0;&amp;#0;&amp;#0;&amp;#0;&amp;#0;&amp;#0;&amp;#0;&amp;#0;&amp;#0;&amp;#0;&amp;#0;&amp;#0;&amp;#0;&amp;#0;&amp;#0;&amp;#0;&amp;#0;&amp;#0;&amp;#0;&amp;#0;&amp;#0;&amp;#0;&amp;#0;&amp;#0;&amp;#0;&amp;#0;&amp;#0;&amp;#0;&amp;#0;&amp;#0;&amp;#0;&amp;#0;&amp;#0;&amp;#0;&amp;#0;&amp;#0;&amp;#0;&amp;#0;&amp;#0;&amp;#0;&amp;#0;&amp;#0;&amp;#0;&amp;#0;&amp;#0;&amp;#0;&amp;#0;&amp;#0;&amp;#0;&amp;#0;&amp;#0;&amp;#0;&amp;#0;&amp;#0;&amp;#0;&amp;#0;&amp;#0;&amp;#0;&amp;#0;&amp;#0;&amp;#0;&amp;#0;&amp;#0;&amp;#0;&amp;#0;&amp;#0;&amp;#0;&amp;#0;&amp;#0;&amp;#0;&amp;#0;&amp;#0;&amp;#0;&amp;#0;&amp;#0;&amp;#0;&amp;#0;&amp;#0;&amp;#0;&amp;#0;&amp;#0;&amp;#0;&amp;#0;&amp;#0;&amp;#0;&amp;#0;&amp;#0;&amp;#0;&amp;#0;&amp;#0;&amp;#0;&amp;#0;&amp;#0;&amp;#0;&amp;#0;&amp;#0;&amp;#0;&amp;#0;&amp;#0;&amp;#0;&amp;#0;&amp;#0;&amp;#0;&amp;#0;&amp;#0;&amp;#0;&amp;#0;&amp;#0;&amp;#0;&amp;#0;&amp;#0;&amp;#0;&amp;#0;&amp;#0;&amp;#0;&amp;#0;&amp;#0;&amp;#0;&amp;#0;&amp;#0;&amp;#0;&amp;#0;&amp;#0;&amp;#0;&amp;#0;&amp;#0;&amp;#0;&amp;#0;&amp;#0;&amp;#0;&amp;#0;&amp;#0;&amp;#0;&amp;#0;&amp;#0;&amp;#0;&amp;#0;&amp;#0;&amp;#0;&amp;#0;&amp;#0;&amp;#0;&amp;#0;&amp;#0;&amp;#0;&amp;#0;&amp;#0;&amp;#0;&amp;#0;&amp;#0;&amp;#0;&amp;#0;&amp;#0;&amp;#0;&amp;#0;&amp;#0;&amp;#0;&amp;#0;&amp;#0;&amp;#0;&amp;#0;&amp;#0;&amp;#0;&amp;#0;&amp;#0;&amp;#0;&amp;#0;&amp;#0;&amp;#0;&amp;#0;&amp;#0;&amp;#0;&amp;#0;&amp;#0;&amp;#0;&amp;#0;&amp;#0;&amp;#0;&amp;#0;&amp;#0;&amp;#0;&amp;#0;&amp;#0;&amp;#0;&amp;#0;&amp;#0;&amp;#0;&amp;#0;&amp;#0;&amp;#0;&amp;#0;&amp;#0;&amp;#0;&amp;#0;&amp;#0;&amp;#0;&amp;#0;&amp;#0;&amp;#0;&amp;#0;&amp;#0;&amp;#0;&amp;#0;&amp;#0;&amp;#0;&amp;#0;&amp;#0;&amp;#0;&amp;#0;&amp;#0;&amp;#0;&amp;#0;&amp;#0;&amp;#0;&amp;#0;&amp;#0;&amp;#0;&amp;#0;&amp;#0;&amp;#0;&amp;#0;&amp;#0;&amp;#0;&amp;#0;&amp;#0;&amp;#0;&amp;#0;&amp;#0;&amp;#0;&amp;#0;&amp;#0;&amp;#0;&amp;#0;&amp;#0;&amp;#0;&amp;#0;&amp;#0;&amp;#0;&amp;#0;&amp;#0;&amp;#0;&amp;#0;&amp;#0;&amp;#0;&amp;#0;&amp;#0;&amp;#0;&amp;#0;&amp;#0;&amp;#0;&amp;#0;&amp;#0;&amp;#0;&amp;#0;&amp;#0;&amp;#0;&amp;#0;&amp;#0;&amp;#0;&amp;#0;&amp;#0;&amp;#0;&amp;#0;&amp;#0;&amp;#0;&amp;#0;&amp;#0;&amp;#0;&amp;#0;&amp;#0;&amp;#0;&amp;#0;&amp;#0;&amp;#0;&amp;#0;&amp;#0;&amp;#0;&amp;#0;&amp;#0;&amp;#0;&amp;#0;&amp;#0;&amp;#0;&amp;#0;&amp;#0;&amp;#0;&amp;#0;&amp;#0;&amp;#0;&amp;#0;&amp;#0;&amp;#0;&amp;#0;&amp;#0;&amp;#0;&amp;#0;&amp;#0;&amp;#0;&amp;#0;&amp;#0;&amp;#0;&amp;#0;&amp;#0;&amp;#0;&amp;#0;&amp;#0;&amp;#0;&amp;#0;&amp;#0;&amp;#0;&amp;#0;&amp;#0;&amp;#0;&amp;#0;&amp;#0;&amp;#0;&amp;#0;&amp;#0;&amp;#0;&amp;#0;&amp;#0;&amp;#0;&amp;#0;&amp;#0;&amp;#0;&amp;#0;&amp;#0;&amp;#0;&amp;#0;&amp;#0;&amp;#0;&amp;#0;&amp;#0;&amp;#0;&amp;#0;&amp;#0;&amp;#0;&amp;#0;&amp;#0;&amp;#0;&amp;#0;&amp;#0;&amp;#0;&amp;#0;&amp;#0;&amp;#0;&amp;#0;&amp;#0;&amp;#0;&amp;#0;&amp;#0;&amp;#0;&amp;#0;&amp;#0;&amp;#0;&amp;#0;&amp;#0;&amp;#0;&amp;#0;&amp;#0;&amp;#0;&amp;#0;&amp;#0;&amp;#0;&amp;#0;&amp;#0;&amp;#0;&amp;#0;&amp;#0;&amp;#0;&amp;#0;&amp;#0;&amp;#0;&amp;#0;&amp;#0;&amp;#0;&amp;#0;&amp;#0;&amp;#0;&amp;#0;&amp;#0;&amp;#0;&amp;#0;&amp;#0;&amp;#0;&amp;#0;&amp;#0;&amp;#0;&amp;#0;&amp;#0;&amp;#0;&amp;#0;&amp;#0;&amp;#0;&amp;#0;&amp;#0;&amp;#0;&amp;#0;&amp;#0;&amp;#0;&amp;#0;&amp;#0;&amp;#0;&amp;#0;&amp;#0;&amp;#0;&amp;#0;&amp;#0;&amp;#0;&amp;#0;&amp;#0;&amp;#0;&amp;#0;&amp;#0;&amp;#0;&amp;#0;&amp;#0;&amp;#0;&amp;#0;&amp;#0;&amp;#0;&amp;#0;&amp;#0;&amp;#0;&amp;#0;&amp;#0;&amp;#0;&amp;#0;&amp;#0;&amp;#0;&amp;#0;&amp;#0;&amp;#0;&amp;#0;&amp;#0;&amp;#0;&amp;#0;&amp;#0;&amp;#0;&amp;#0;&amp;#0;&amp;#0;&amp;#0;&amp;#0;&amp;#0;&amp;#0;&amp;#0;&amp;#0;&amp;#0;&amp;#0;&amp;#0;&amp;#0;&amp;#0;&amp;#0;&amp;#0;&amp;#0;&amp;#0;&amp;#0;&amp;#0;&amp;#0;&amp;#0;&amp;#0;&amp;#0;&amp;#0;&amp;#0;&amp;#0;&amp;#0;&amp;#0;&amp;#0;&amp;#0;&amp;#0;&amp;#0;&amp;#0;&amp;#0;&amp;#0;&amp;#0;&amp;#0;&amp;#0;&amp;#0;&amp;#0;&amp;#0;&amp;#0;&amp;#0;&amp;#0;&amp;#0;&amp;#0;&amp;#0;&amp;#0;&amp;#0;&amp;#0;&amp;#0;&amp;#0;&amp;#0;&amp;#0;&amp;#0;&amp;#0;&amp;#0;&amp;#0;&amp;#0;&amp;#0;&amp;#0;&amp;#0;&amp;#0;&amp;#0;&amp;#0;&amp;#0;&amp;#0;&amp;#0;&amp;#0;&amp;#0;&amp;#0;&amp;#0;&amp;#0;&amp;#0;&amp;#0;&amp;#0;&amp;#0;&amp;#0;&amp;#0;&amp;#0;&amp;#0;&amp;#0;&amp;#0;&amp;#0;&amp;#0;&amp;#0;&amp;#0;&amp;#0;&amp;#0;&amp;#0;&amp;#0;&amp;#0;&amp;#0;&amp;#0;&amp;#0;&amp;#0;&amp;#0;&amp;#0;&amp;#0;&amp;#0;&amp;#0;&amp;#0;&amp;#0;&amp;#0;&amp;#0;&amp;#0;&amp;#0;&amp;#0;
12:46:32.518 [main] ERROR - Je passe ici ------------------------------------------------------
12:46:32.519 [main] ERROR - Exception occured during compilation!
java.lang.RuntimeException: null
	at be.unamur.info.b314.compiler.Visitor.PCodeVisitor.visitClauseDefault(PCodeVisitor.java:179) ~[classes/:?]
	at be.unamur.info.b314.compiler.B314Parser$ClauseDefaultContext.accept(B314Parser.java:4652) ~[classes/:?]
	at org.antlr.v4.runtime.tree.AbstractParseTreeVisitor.visitChildren(AbstractParseTreeVisitor.java:46) ~[antlr4-runtime-4.6.jar:4.6]
	at be.unamur.info.b314.compiler.B314BaseVisitor.visitProgramme(B314BaseVisitor.java:510) ~[classes/:?]
	at be.unamur.info.b314.compiler.Visitor.PCodeVisitor.visitProgramme(PCodeVisitor.java:94) ~[classes/:?]
	at be.unamur.info.b314.compiler.B314Parser$ProgrammeContext.accept(B314Parser.java:4028) ~[classes/:?]
	at be.unamur.info.b314.compiler.main.Main.printPCode(Main.java:236) ~[classes/:?]
	at be.unamur.info.b314.compiler.main.Main.compile(Main.java:199) ~[classes/:?]
	at be.unamur.info.b314.compiler.main.Main.main(Main.java:79) [classes/:?]
	at be.unamur.info.b314.compiler.main.CompilerTestHelper.launchCompilation(CompilerTestHelper.java:35) [test-classes/:?]
	at be.unamur.info.b314.compiler.main.B314whileinstructionSyntaxTest.testwhileinstruction_while_with_sub_whiles_ok(B314whileinstructionSyntaxTest.java:59) [test-classes/:?]
	at sun.reflect.NativeMethodAccessorImpl.invoke0(Native Method) ~[?:1.8.0_60]
	at sun.reflect.NativeMethodAccessorImpl.invoke(NativeMethodAccessorImpl.java:62) ~[?:1.8.0_60]
	at sun.reflect.DelegatingMethodAccessorImpl.invoke(DelegatingMethodAccessorImpl.java:43) ~[?:1.8.0_60]
	at java.lang.reflect.Method.invoke(Method.java:497) ~[?:1.8.0_60]
	at org.junit.runners.model.FrameworkMethod$1.runReflectiveCall(FrameworkMethod.java:50) [junit-4.12.jar:4.12]
	at org.junit.internal.runners.model.ReflectiveCallable.run(ReflectiveCallable.java:12) [junit-4.12.jar:4.12]
	at org.junit.runners.model.FrameworkMethod.invokeExplosively(FrameworkMethod.java:47) [junit-4.12.jar:4.12]
	at org.junit.internal.runners.statements.InvokeMethod.evaluate(InvokeMethod.java:17) [junit-4.12.jar:4.12]
	at org.junit.rules.ExternalResource$1.evaluate(ExternalResource.java:48) [junit-4.12.jar:4.12]
	at org.junit.rules.TestWatcher$1.evaluate(TestWatcher.java:55) [junit-4.12.jar:4.12]
	at org.junit.rules.RunRules.evaluate(RunRules.java:20) [junit-4.12.jar:4.12]
	at org.junit.runners.ParentRunner.runLeaf(ParentRunner.java:325) [junit-4.12.jar:4.12]
	at org.junit.runners.BlockJUnit4ClassRunner.runChild(BlockJUnit4ClassRunner.java:78) [junit-4.12.jar:4.12]
	at org.junit.runners.BlockJUnit4ClassRunner.runChild(BlockJUnit4ClassRunner.java:57) [junit-4.12.jar:4.12]
	at org.junit.runners.ParentRunner$3.run(ParentRunner.java:290) [junit-4.12.jar:4.12]
	at org.junit.runners.ParentRunner$1.schedule(ParentRunner.java:71) [junit-4.12.jar:4.12]
	at org.junit.runners.ParentRunner.runChildren(ParentRunner.java:288) [junit-4.12.jar:4.12]
	at org.junit.runners.ParentRunner.access$000(ParentRunner.java:58) [junit-4.12.jar:4.12]
	at org.junit.runners.ParentRunner$2.evaluate(ParentRunner.java:268) [junit-4.12.jar:4.12]
	at org.junit.runners.ParentRunner.run(ParentRunner.java:363) [junit-4.12.jar:4.12]
	at org.apache.maven.surefire.junit4.JUnit4Provider.execute(JUnit4Provider.java:252) [surefire-junit4-2.12.4.jar:2.12.4]
	at org.apache.maven.surefire.junit4.JUnit4Provider.executeTestSet(JUnit4Provider.java:141) [surefire-junit4-2.12.4.jar:2.12.4]
	at org.apache.maven.surefire.junit4.JUnit4Provider.invoke(JUnit4Provider.java:112) [surefire-junit4-2.12.4.jar:2.12.4]
	at sun.reflect.NativeMethodAccessorImpl.invoke0(Native Method) ~[?:1.8.0_60]
	at sun.reflect.NativeMethodAccessorImpl.invoke(NativeMethodAccessorImpl.java:62) ~[?:1.8.0_60]
	at sun.reflect.DelegatingMethodAccessorImpl.invoke(DelegatingMethodAccessorImpl.java:43) ~[?:1.8.0_60]
	at java.lang.reflect.Method.invoke(Method.java:497) ~[?:1.8.0_60]
	at org.apache.maven.surefire.util.ReflectionUtils.invokeMethodWithArray(ReflectionUtils.java:189) [surefire-api-2.12.4.jar:2.12.4]
	at org.apache.maven.surefire.booter.ProviderFactory$ProviderProxy.invoke(ProviderFactory.java:165) [surefire-booter-2.12.4.jar:2.12.4]
	at org.apache.maven.surefire.booter.ProviderFactory.invokeProvider(ProviderFactory.java:85) [surefire-booter-2.12.4.jar:2.12.4]
	at org.apache.maven.surefire.booter.ForkedBooter.runSuitesInProcess(ForkedBooter.java:115) [surefire-booter-2.12.4.jar:2.12.4]
	at org.apache.maven.surefire.booter.ForkedBooter.main(ForkedBooter.java:75) [surefire-booter-2.12.4.jar:2.12.4]
</system-out>
  </testcase>
  <testcase classname="be.unamur.info.b314.compiler.main.B314whileinstructionSyntaxTest" name="testwhileinstruction_if_with_sub_compute_wrong_type_condition_1_ko" time="0.003"/>
  <testcase classname="be.unamur.info.b314.compiler.main.B314whileinstructionSyntaxTest" name="testwhileinstruction_while_multiple_instructions_ok" time="0.184">
    <failure message="whileinstruction: while_multiple_instructions
Expected: a string ending with &quot;OK\r\n&quot;
     but: was &quot;KO
&quot;" type="java.lang.AssertionError">java.lang.AssertionError: whileinstruction: while_multiple_instructions
Expected: a string ending with &quot;OK\r\n&quot;
     but: was &quot;KO
&quot;
	at org.hamcrest.MatcherAssert.assertThat(MatcherAssert.java:20)
	at org.junit.Assert.assertThat(Assert.java:956)
	at be.unamur.info.b314.compiler.main.CompilerTestHelper.launchCompilation(CompilerTestHelper.java:42)
	at be.unamur.info.b314.compiler.main.B314whileinstructionSyntaxTest.testwhileinstruction_while_multiple_instructions_ok(B314whileinstructionSyntaxTest.java:49)
	at sun.reflect.NativeMethodAccessorImpl.invoke0(Native Method)
	at sun.reflect.NativeMethodAccessorImpl.invoke(NativeMethodAccessorImpl.java:62)
	at sun.reflect.DelegatingMethodAccessorImpl.invoke(DelegatingMethodAccessorImpl.java:43)
	at java.lang.reflect.Method.invoke(Method.java:497)
	at org.junit.runners.model.FrameworkMethod$1.runReflectiveCall(FrameworkMethod.java:50)
	at org.junit.internal.runners.model.ReflectiveCallable.run(ReflectiveCallable.java:12)
	at org.junit.runners.model.FrameworkMethod.invokeExplosively(FrameworkMethod.java:47)
	at org.junit.internal.runners.statements.InvokeMethod.evaluate(InvokeMethod.java:17)
	at org.junit.rules.ExternalResource$1.evaluate(ExternalResource.java:48)
	at org.junit.rules.TestWatcher$1.evaluate(TestWatcher.java:55)
	at org.junit.rules.RunRules.evaluate(RunRules.java:20)
	at org.junit.runners.ParentRunner.runLeaf(ParentRunner.java:325)
	at org.junit.runners.BlockJUnit4ClassRunner.runChild(BlockJUnit4ClassRunner.java:78)
	at org.junit.runners.BlockJUnit4ClassRunner.runChild(BlockJUnit4ClassRunner.java:57)
	at org.junit.runners.ParentRunner$3.run(ParentRunner.java:290)
	at org.junit.runners.ParentRunner$1.schedule(ParentRunner.java:71)
	at org.junit.runners.ParentRunner.runChildren(ParentRunner.java:288)
	at org.junit.runners.ParentRunner.access$000(ParentRunner.java:58)
	at org.junit.runners.ParentRunner$2.evaluate(ParentRunner.java:268)
	at org.junit.runners.ParentRunner.run(ParentRunner.java:363)
	at org.apache.maven.surefire.junit4.JUnit4Provider.execute(JUnit4Provider.java:252)
	at org.apache.maven.surefire.junit4.JUnit4Provider.executeTestSet(JUnit4Provider.java:141)
	at org.apache.maven.surefire.junit4.JUnit4Provider.invoke(JUnit4Provider.java:112)
	at sun.reflect.NativeMethodAccessorImpl.invoke0(Native Method)
	at sun.reflect.NativeMethodAccessorImpl.invoke(NativeMethodAccessorImpl.java:62)
	at sun.reflect.DelegatingMethodAccessorImpl.invoke(DelegatingMethodAccessorImpl.java:43)
	at java.lang.reflect.Method.invoke(Method.java:497)
	at org.apache.maven.surefire.util.ReflectionUtils.invokeMethodWithArray(ReflectionUtils.java:189)
	at org.apache.maven.surefire.booter.ProviderFactory$ProviderProxy.invoke(ProviderFactory.java:165)
	at org.apache.maven.surefire.booter.ProviderFactory.invokeProvider(ProviderFactory.java:85)
	at org.apache.maven.surefire.booter.ForkedBooter.runSuitesInProcess(ForkedBooter.java:115)
	at org.apache.maven.surefire.booter.ForkedBooter.main(ForkedBooter.java:75)
</failure>
    <system-out>12:46:32.535 [main] INFO  - Starting test: testwhileinstruction_while_multiple_instructions_ok()...
org.apache.commons.cli.CommandLine@6e4ea0bd
12:46:32.538 [main] DEBUG - Initialisation
12:46:32.538 [main] DEBUG - Input file set to C:\Users\Nathalie Masudi\b314-Jour-MonkeyIsland\target\test-classes\syntax\whileinstruction\ok\while_multiple_instructions.b314
12:46:32.539 [main] DEBUG - Output file set to C:\Users\NATHAL~1\AppData\Local\Temp\junit984937701708069759\junit588404227323250474.tmp
12:46:32.539 [main] DEBUG - Initialisation: done
jessica1
12:46:32.539 [main] DEBUG - Parsing input
/* My comments */ 
declare and retain 
    b as boolean;
    i as integer;
    s as square;
when your turn
by default
    do 
        while true and false or b do skip compute b set b to true and false done
        while not (false and i &lt; 5 or b) do set i to i + 1 skip done
        while graal is north and b  or nearby[2, i + 1] = dirt do skip skip skip done
    done

&amp;#0;&amp;#0;&amp;#0;&amp;#0;&amp;#0;&amp;#0;&amp;#0;&amp;#0;&amp;#0;&amp;#0;&amp;#0;&amp;#0;&amp;#0;&amp;#0;&amp;#0;&amp;#0;&amp;#0;&amp;#0;&amp;#0;&amp;#0;&amp;#0;&amp;#0;&amp;#0;&amp;#0;&amp;#0;&amp;#0;&amp;#0;&amp;#0;&amp;#0;&amp;#0;&amp;#0;&amp;#0;&amp;#0;&amp;#0;&amp;#0;&amp;#0;&amp;#0;&amp;#0;&amp;#0;&amp;#0;&amp;#0;&amp;#0;&amp;#0;&amp;#0;&amp;#0;&amp;#0;&amp;#0;&amp;#0;&amp;#0;&amp;#0;&amp;#0;&amp;#0;&amp;#0;&amp;#0;&amp;#0;&amp;#0;&amp;#0;&amp;#0;&amp;#0;&amp;#0;&amp;#0;&amp;#0;&amp;#0;&amp;#0;&amp;#0;&amp;#0;&amp;#0;&amp;#0;&amp;#0;&amp;#0;&amp;#0;&amp;#0;&amp;#0;&amp;#0;&amp;#0;&amp;#0;&amp;#0;&amp;#0;&amp;#0;&amp;#0;&amp;#0;&amp;#0;&amp;#0;&amp;#0;&amp;#0;&amp;#0;&amp;#0;&amp;#0;&amp;#0;&amp;#0;&amp;#0;&amp;#0;&amp;#0;&amp;#0;&amp;#0;&amp;#0;&amp;#0;&amp;#0;&amp;#0;&amp;#0;&amp;#0;&amp;#0;&amp;#0;&amp;#0;&amp;#0;&amp;#0;&amp;#0;&amp;#0;&amp;#0;&amp;#0;&amp;#0;&amp;#0;&amp;#0;&amp;#0;&amp;#0;&amp;#0;&amp;#0;&amp;#0;&amp;#0;&amp;#0;&amp;#0;&amp;#0;&amp;#0;&amp;#0;&amp;#0;&amp;#0;&amp;#0;&amp;#0;&amp;#0;&amp;#0;&amp;#0;&amp;#0;&amp;#0;&amp;#0;&amp;#0;&amp;#0;&amp;#0;&amp;#0;&amp;#0;&amp;#0;&amp;#0;&amp;#0;&amp;#0;&amp;#0;&amp;#0;&amp;#0;&amp;#0;&amp;#0;&amp;#0;&amp;#0;&amp;#0;&amp;#0;&amp;#0;&amp;#0;&amp;#0;&amp;#0;&amp;#0;&amp;#0;&amp;#0;&amp;#0;&amp;#0;&amp;#0;&amp;#0;&amp;#0;&amp;#0;&amp;#0;&amp;#0;&amp;#0;&amp;#0;&amp;#0;&amp;#0;&amp;#0;&amp;#0;&amp;#0;&amp;#0;&amp;#0;&amp;#0;&amp;#0;&amp;#0;&amp;#0;&amp;#0;&amp;#0;&amp;#0;&amp;#0;&amp;#0;&amp;#0;&amp;#0;&amp;#0;&amp;#0;&amp;#0;&amp;#0;&amp;#0;&amp;#0;&amp;#0;&amp;#0;&amp;#0;&amp;#0;&amp;#0;&amp;#0;&amp;#0;&amp;#0;&amp;#0;&amp;#0;&amp;#0;&amp;#0;&amp;#0;&amp;#0;&amp;#0;&amp;#0;&amp;#0;&amp;#0;&amp;#0;&amp;#0;&amp;#0;&amp;#0;&amp;#0;&amp;#0;&amp;#0;&amp;#0;&amp;#0;&amp;#0;&amp;#0;&amp;#0;&amp;#0;&amp;#0;&amp;#0;&amp;#0;&amp;#0;&amp;#0;&amp;#0;&amp;#0;&amp;#0;&amp;#0;&amp;#0;&amp;#0;&amp;#0;&amp;#0;&amp;#0;&amp;#0;&amp;#0;&amp;#0;&amp;#0;&amp;#0;&amp;#0;&amp;#0;&amp;#0;&amp;#0;&amp;#0;&amp;#0;&amp;#0;&amp;#0;&amp;#0;&amp;#0;&amp;#0;&amp;#0;&amp;#0;&amp;#0;&amp;#0;&amp;#0;&amp;#0;&amp;#0;&amp;#0;&amp;#0;&amp;#0;&amp;#0;&amp;#0;&amp;#0;&amp;#0;&amp;#0;&amp;#0;&amp;#0;&amp;#0;&amp;#0;&amp;#0;&amp;#0;&amp;#0;&amp;#0;&amp;#0;&amp;#0;&amp;#0;&amp;#0;&amp;#0;&amp;#0;&amp;#0;&amp;#0;&amp;#0;&amp;#0;&amp;#0;&amp;#0;&amp;#0;&amp;#0;&amp;#0;&amp;#0;&amp;#0;&amp;#0;&amp;#0;&amp;#0;&amp;#0;&amp;#0;&amp;#0;&amp;#0;&amp;#0;&amp;#0;&amp;#0;&amp;#0;&amp;#0;&amp;#0;&amp;#0;&amp;#0;&amp;#0;&amp;#0;&amp;#0;&amp;#0;&amp;#0;&amp;#0;&amp;#0;&amp;#0;&amp;#0;&amp;#0;&amp;#0;&amp;#0;&amp;#0;&amp;#0;&amp;#0;&amp;#0;&amp;#0;&amp;#0;&amp;#0;&amp;#0;&amp;#0;&amp;#0;&amp;#0;&amp;#0;&amp;#0;&amp;#0;&amp;#0;&amp;#0;&amp;#0;&amp;#0;&amp;#0;&amp;#0;&amp;#0;&amp;#0;&amp;#0;&amp;#0;&amp;#0;&amp;#0;&amp;#0;&amp;#0;&amp;#0;&amp;#0;&amp;#0;&amp;#0;&amp;#0;&amp;#0;&amp;#0;&amp;#0;&amp;#0;&amp;#0;&amp;#0;&amp;#0;&amp;#0;&amp;#0;&amp;#0;&amp;#0;&amp;#0;&amp;#0;&amp;#0;&amp;#0;&amp;#0;&amp;#0;&amp;#0;&amp;#0;&amp;#0;&amp;#0;&amp;#0;&amp;#0;&amp;#0;&amp;#0;&amp;#0;&amp;#0;&amp;#0;&amp;#0;&amp;#0;&amp;#0;&amp;#0;&amp;#0;&amp;#0;&amp;#0;&amp;#0;&amp;#0;&amp;#0;&amp;#0;&amp;#0;&amp;#0;&amp;#0;&amp;#0;&amp;#0;&amp;#0;&amp;#0;&amp;#0;&amp;#0;&amp;#0;&amp;#0;&amp;#0;&amp;#0;&amp;#0;&amp;#0;&amp;#0;&amp;#0;&amp;#0;&amp;#0;&amp;#0;&amp;#0;&amp;#0;&amp;#0;&amp;#0;&amp;#0;&amp;#0;&amp;#0;&amp;#0;&amp;#0;&amp;#0;&amp;#0;&amp;#0;&amp;#0;&amp;#0;&amp;#0;&amp;#0;&amp;#0;&amp;#0;&amp;#0;&amp;#0;&amp;#0;&amp;#0;&amp;#0;&amp;#0;&amp;#0;&amp;#0;&amp;#0;&amp;#0;&amp;#0;&amp;#0;&amp;#0;&amp;#0;&amp;#0;&amp;#0;&amp;#0;&amp;#0;&amp;#0;&amp;#0;&amp;#0;&amp;#0;&amp;#0;&amp;#0;&amp;#0;&amp;#0;&amp;#0;&amp;#0;&amp;#0;&amp;#0;&amp;#0;&amp;#0;&amp;#0;&amp;#0;&amp;#0;&amp;#0;&amp;#0;&amp;#0;&amp;#0;&amp;#0;&amp;#0;&amp;#0;&amp;#0;&amp;#0;&amp;#0;&amp;#0;&amp;#0;&amp;#0;&amp;#0;&amp;#0;&amp;#0;&amp;#0;&amp;#0;&amp;#0;&amp;#0;&amp;#0;&amp;#0;&amp;#0;&amp;#0;&amp;#0;&amp;#0;&amp;#0;&amp;#0;&amp;#0;&amp;#0;&amp;#0;&amp;#0;&amp;#0;&amp;#0;&amp;#0;&amp;#0;&amp;#0;&amp;#0;&amp;#0;&amp;#0;&amp;#0;&amp;#0;&amp;#0;&amp;#0;&amp;#0;&amp;#0;&amp;#0;&amp;#0;&amp;#0;&amp;#0;&amp;#0;&amp;#0;&amp;#0;&amp;#0;&amp;#0;&amp;#0;&amp;#0;&amp;#0;&amp;#0;&amp;#0;&amp;#0;&amp;#0;&amp;#0;&amp;#0;&amp;#0;&amp;#0;&amp;#0;&amp;#0;&amp;#0;&amp;#0;&amp;#0;&amp;#0;&amp;#0;&amp;#0;&amp;#0;&amp;#0;&amp;#0;&amp;#0;&amp;#0;&amp;#0;&amp;#0;&amp;#0;&amp;#0;&amp;#0;&amp;#0;&amp;#0;&amp;#0;&amp;#0;&amp;#0;&amp;#0;&amp;#0;&amp;#0;&amp;#0;&amp;#0;&amp;#0;&amp;#0;&amp;#0;&amp;#0;&amp;#0;&amp;#0;&amp;#0;&amp;#0;&amp;#0;&amp;#0;&amp;#0;&amp;#0;&amp;#0;&amp;#0;&amp;#0;&amp;#0;&amp;#0;&amp;#0;&amp;#0;&amp;#0;&amp;#0;&amp;#0;&amp;#0;&amp;#0;&amp;#0;&amp;#0;&amp;#0;&amp;#0;&amp;#0;&amp;#0;&amp;#0;&amp;#0;&amp;#0;&amp;#0;&amp;#0;&amp;#0;&amp;#0;&amp;#0;&amp;#0;&amp;#0;&amp;#0;&amp;#0;&amp;#0;&amp;#0;&amp;#0;&amp;#0;&amp;#0;&amp;#0;&amp;#0;&amp;#0;&amp;#0;&amp;#0;&amp;#0;&amp;#0;&amp;#0;&amp;#0;&amp;#0;&amp;#0;&amp;#0;&amp;#0;&amp;#0;&amp;#0;&amp;#0;&amp;#0;&amp;#0;&amp;#0;&amp;#0;&amp;#0;&amp;#0;&amp;#0;&amp;#0;&amp;#0;&amp;#0;&amp;#0;&amp;#0;&amp;#0;&amp;#0;&amp;#0;&amp;#0;&amp;#0;&amp;#0;&amp;#0;&amp;#0;&amp;#0;&amp;#0;&amp;#0;&amp;#0;&amp;#0;&amp;#0;&amp;#0;&amp;#0;&amp;#0;&amp;#0;&amp;#0;&amp;#0;&amp;#0;&amp;#0;&amp;#0;&amp;#0;&amp;#0;&amp;#0;&amp;#0;&amp;#0;&amp;#0;&amp;#0;&amp;#0;&amp;#0;&amp;#0;&amp;#0;&amp;#0;&amp;#0;&amp;#0;&amp;#0;&amp;#0;&amp;#0;&amp;#0;&amp;#0;&amp;#0;&amp;#0;&amp;#0;&amp;#0;&amp;#0;&amp;#0;&amp;#0;&amp;#0;&amp;#0;&amp;#0;&amp;#0;&amp;#0;&amp;#0;&amp;#0;&amp;#0;&amp;#0;&amp;#0;&amp;#0;&amp;#0;&amp;#0;&amp;#0;&amp;#0;&amp;#0;&amp;#0;&amp;#0;&amp;#0;&amp;#0;&amp;#0;&amp;#0;&amp;#0;&amp;#0;&amp;#0;&amp;#0;&amp;#0;&amp;#0;&amp;#0;&amp;#0;&amp;#0;&amp;#0;&amp;#0;&amp;#0;&amp;#0;&amp;#0;&amp;#0;&amp;#0;&amp;#0;&amp;#0;&amp;#0;&amp;#0;&amp;#0;&amp;#0;&amp;#0;&amp;#0;&amp;#0;&amp;#0;&amp;#0;&amp;#0;&amp;#0;&amp;#0;&amp;#0;&amp;#0;&amp;#0;&amp;#0;&amp;#0;&amp;#0;&amp;#0;&amp;#0;&amp;#0;&amp;#0;&amp;#0;&amp;#0;&amp;#0;&amp;#0;&amp;#0;&amp;#0;&amp;#0;&amp;#0;&amp;#0;&amp;#0;&amp;#0;&amp;#0;&amp;#0;&amp;#0;&amp;#0;&amp;#0;&amp;#0;&amp;#0;&amp;#0;&amp;#0;&amp;#0;&amp;#0;&amp;#0;&amp;#0;&amp;#0;&amp;#0;&amp;#0;&amp;#0;&amp;#0;&amp;#0;&amp;#0;&amp;#0;&amp;#0;&amp;#0;&amp;#0;&amp;#0;&amp;#0;&amp;#0;&amp;#0;&amp;#0;&amp;#0;&amp;#0;&amp;#0;&amp;#0;&amp;#0;&amp;#0;&amp;#0;&amp;#0;&amp;#0;&amp;#0;&amp;#0;&amp;#0;&amp;#0;&amp;#0;&amp;#0;&amp;#0;&amp;#0;&amp;#0;&amp;#0;&amp;#0;&amp;#0;&amp;#0;&amp;#0;&amp;#0;&amp;#0;&amp;#0;&amp;#0;&amp;#0;&amp;#0;&amp;#0;&amp;#0;&amp;#0;&amp;#0;&amp;#0;&amp;#0;&amp;#0;&amp;#0;&amp;#0;&amp;#0;&amp;#0;&amp;#0;&amp;#0;&amp;#0;&amp;#0;&amp;#0;&amp;#0;&amp;#0;&amp;#0;&amp;#0;&amp;#0;&amp;#0;&amp;#0;&amp;#0;&amp;#0;&amp;#0;&amp;#0;&amp;#0;&amp;#0;&amp;#0;&amp;#0;&amp;#0;&amp;#0;&amp;#0;&amp;#0;&amp;#0;&amp;#0;&amp;#0;&amp;#0;&amp;#0;&amp;#0;&amp;#0;&amp;#0;&amp;#0;&amp;#0;&amp;#0;&amp;#0;&amp;#0;&amp;#0;&amp;#0;&amp;#0;&amp;#0;&amp;#0;&amp;#0;&amp;#0;&amp;#0;&amp;#0;&amp;#0;&amp;#0;&amp;#0;&amp;#0;&amp;#0;&amp;#0;&amp;#0;&amp;#0;&amp;#0;&amp;#0;&amp;#0;&amp;#0;&amp;#0;&amp;#0;&amp;#0;&amp;#0;&amp;#0;&amp;#0;&amp;#0;&amp;#0;&amp;#0;&amp;#0;&amp;#0;&amp;#0;&amp;#0;&amp;#0;&amp;#0;&amp;#0;&amp;#0;&amp;#0;&amp;#0;&amp;#0;&amp;#0;&amp;#0;&amp;#0;&amp;#0;&amp;#0;&amp;#0;&amp;#0;&amp;#0;&amp;#0;&amp;#0;&amp;#0;&amp;#0;&amp;#0;&amp;#0;&amp;#0;&amp;#0;&amp;#0;&amp;#0;&amp;#0;&amp;#0;&amp;#0;&amp;#0;&amp;#0;&amp;#0;&amp;#0;&amp;#0;&amp;#0;&amp;#0;&amp;#0;&amp;#0;&amp;#0;&amp;#0;&amp;#0;&amp;#0;&amp;#0;&amp;#0;&amp;#0;&amp;#0;&amp;#0;&amp;#0;&amp;#0;&amp;#0;&amp;#0;&amp;#0;&amp;#0;&amp;#0;&amp;#0;&amp;#0;&amp;#0;&amp;#0;&amp;#0;&amp;#0;&amp;#0;&amp;#0;&amp;#0;&amp;#0;&amp;#0;&amp;#0;&amp;#0;&amp;#0;&amp;#0;&amp;#0;&amp;#0;&amp;#0;&amp;#0;&amp;#0;&amp;#0;&amp;#0;&amp;#0;&amp;#0;&amp;#0;&amp;#0;&amp;#0;&amp;#0;&amp;#0;&amp;#0;&amp;#0;&amp;#0;&amp;#0;&amp;#0;&amp;#0;&amp;#0;&amp;#0;&amp;#0;&amp;#0;&amp;#0;&amp;#0;&amp;#0;&amp;#0;&amp;#0;&amp;#0;&amp;#0;&amp;#0;&amp;#0;&amp;#0;&amp;#0;&amp;#0;&amp;#0;&amp;#0;&amp;#0;&amp;#0;&amp;#0;&amp;#0;&amp;#0;&amp;#0;&amp;#0;&amp;#0;&amp;#0;&amp;#0;&amp;#0;&amp;#0;&amp;#0;&amp;#0;&amp;#0;&amp;#0;&amp;#0;&amp;#0;&amp;#0;&amp;#0;&amp;#0;&amp;#0;&amp;#0;&amp;#0;&amp;#0;&amp;#0;&amp;#0;&amp;#0;&amp;#0;&amp;#0;&amp;#0;&amp;#0;&amp;#0;&amp;#0;&amp;#0;&amp;#0;&amp;#0;&amp;#0;&amp;#0;&amp;#0;&amp;#0;&amp;#0;&amp;#0;&amp;#0;&amp;#0;&amp;#0;&amp;#0;&amp;#0;&amp;#0;&amp;#0;&amp;#0;&amp;#0;&amp;#0;&amp;#0;&amp;#0;&amp;#0;&amp;#0;&amp;#0;&amp;#0;&amp;#0;&amp;#0;&amp;#0;&amp;#0;&amp;#0;&amp;#0;&amp;#0;&amp;#0;&amp;#0;&amp;#0;&amp;#0;&amp;#0;&amp;#0;&amp;#0;&amp;#0;&amp;#0;&amp;#0;&amp;#0;&amp;#0;&amp;#0;&amp;#0;&amp;#0;&amp;#0;&amp;#0;&amp;#0;&amp;#0;&amp;#0;&amp;#0;&amp;#0;&amp;#0;&amp;#0;&amp;#0;&amp;#0;&amp;#0;&amp;#0;&amp;#0;&amp;#0;&amp;#0;&amp;#0;&amp;#0;&amp;#0;&amp;#0;&amp;#0;&amp;#0;&amp;#0;&amp;#0;&amp;#0;&amp;#0;&amp;#0;&amp;#0;&amp;#0;&amp;#0;&amp;#0;&amp;#0;&amp;#0;&amp;#0;&amp;#0;&amp;#0;&amp;#0;&amp;#0;&amp;#0;&amp;#0;&amp;#0;&amp;#0;&amp;#0;&amp;#0;&amp;#0;&amp;#0;&amp;#0;&amp;#0;&amp;#0;&amp;#0;&amp;#0;&amp;#0;&amp;#0;&amp;#0;&amp;#0;&amp;#0;&amp;#0;&amp;#0;&amp;#0;&amp;#0;&amp;#0;&amp;#0;&amp;#0;&amp;#0;&amp;#0;&amp;#0;&amp;#0;&amp;#0;&amp;#0;&amp;#0;&amp;#0;&amp;#0;&amp;#0;&amp;#0;&amp;#0;&amp;#0;&amp;#0;&amp;#0;&amp;#0;&amp;#0;&amp;#0;&amp;#0;&amp;#0;&amp;#0;&amp;#0;&amp;#0;&amp;#0;&amp;#0;&amp;#0;&amp;#0;&amp;#0;&amp;#0;&amp;#0;&amp;#0;&amp;#0;&amp;#0;&amp;#0;&amp;#0;&amp;#0;&amp;#0;&amp;#0;&amp;#0;&amp;#0;&amp;#0;&amp;#0;&amp;#0;&amp;#0;&amp;#0;&amp;#0;&amp;#0;&amp;#0;&amp;#0;&amp;#0;&amp;#0;&amp;#0;&amp;#0;&amp;#0;&amp;#0;&amp;#0;&amp;#0;&amp;#0;&amp;#0;&amp;#0;&amp;#0;&amp;#0;&amp;#0;&amp;#0;&amp;#0;&amp;#0;&amp;#0;&amp;#0;&amp;#0;&amp;#0;&amp;#0;&amp;#0;&amp;#0;&amp;#0;&amp;#0;&amp;#0;&amp;#0;&amp;#0;&amp;#0;&amp;#0;&amp;#0;&amp;#0;&amp;#0;&amp;#0;&amp;#0;&amp;#0;&amp;#0;&amp;#0;&amp;#0;&amp;#0;&amp;#0;&amp;#0;&amp;#0;&amp;#0;&amp;#0;&amp;#0;&amp;#0;&amp;#0;&amp;#0;&amp;#0;&amp;#0;&amp;#0;&amp;#0;&amp;#0;&amp;#0;&amp;#0;&amp;#0;&amp;#0;&amp;#0;&amp;#0;&amp;#0;&amp;#0;&amp;#0;&amp;#0;&amp;#0;&amp;#0;&amp;#0;&amp;#0;&amp;#0;&amp;#0;&amp;#0;&amp;#0;&amp;#0;&amp;#0;&amp;#0;&amp;#0;&amp;#0;&amp;#0;&amp;#0;&amp;#0;&amp;#0;&amp;#0;&amp;#0;&amp;#0;&amp;#0;&amp;#0;&amp;#0;&amp;#0;&amp;#0;&amp;#0;&amp;#0;&amp;#0;&amp;#0;&amp;#0;&amp;#0;&amp;#0;&amp;#0;&amp;#0;&amp;#0;&amp;#0;&amp;#0;&amp;#0;&amp;#0;&amp;#0;&amp;#0;&amp;#0;&amp;#0;&amp;#0;&amp;#0;&amp;#0;&amp;#0;&amp;#0;&amp;#0;&amp;#0;&amp;#0;&amp;#0;&amp;#0;&amp;#0;&amp;#0;&amp;#0;&amp;#0;&amp;#0;&amp;#0;&amp;#0;&amp;#0;&amp;#0;&amp;#0;&amp;#0;&amp;#0;&amp;#0;&amp;#0;&amp;#0;&amp;#0;&amp;#0;&amp;#0;&amp;#0;&amp;#0;&amp;#0;&amp;#0;&amp;#0;&amp;#0;&amp;#0;&amp;#0;&amp;#0;&amp;#0;&amp;#0;&amp;#0;&amp;#0;&amp;#0;&amp;#0;&amp;#0;&amp;#0;&amp;#0;&amp;#0;&amp;#0;&amp;#0;&amp;#0;&amp;#0;&amp;#0;&amp;#0;&amp;#0;&amp;#0;&amp;#0;&amp;#0;&amp;#0;&amp;#0;&amp;#0;&amp;#0;&amp;#0;&amp;#0;&amp;#0;&amp;#0;&amp;#0;&amp;#0;&amp;#0;&amp;#0;&amp;#0;&amp;#0;&amp;#0;&amp;#0;&amp;#0;&amp;#0;&amp;#0;&amp;#0;&amp;#0;&amp;#0;&amp;#0;&amp;#0;&amp;#0;&amp;#0;&amp;#0;&amp;#0;&amp;#0;&amp;#0;&amp;#0;&amp;#0;&amp;#0;&amp;#0;&amp;#0;&amp;#0;&amp;#0;&amp;#0;&amp;#0;&amp;#0;&amp;#0;&amp;#0;&amp;#0;&amp;#0;&amp;#0;&amp;#0;&amp;#0;&amp;#0;&amp;#0;&amp;#0;&amp;#0;&amp;#0;&amp;#0;&amp;#0;&amp;#0;&amp;#0;&amp;#0;&amp;#0;&amp;#0;&amp;#0;&amp;#0;&amp;#0;&amp;#0;&amp;#0;&amp;#0;&amp;#0;&amp;#0;&amp;#0;&amp;#0;&amp;#0;&amp;#0;&amp;#0;&amp;#0;&amp;#0;&amp;#0;&amp;#0;&amp;#0;&amp;#0;&amp;#0;&amp;#0;&amp;#0;&amp;#0;&amp;#0;&amp;#0;&amp;#0;&amp;#0;&amp;#0;&amp;#0;&amp;#0;&amp;#0;&amp;#0;&amp;#0;&amp;#0;&amp;#0;&amp;#0;&amp;#0;&amp;#0;&amp;#0;&amp;#0;&amp;#0;&amp;#0;&amp;#0;&amp;#0;&amp;#0;&amp;#0;&amp;#0;&amp;#0;&amp;#0;&amp;#0;&amp;#0;&amp;#0;&amp;#0;&amp;#0;&amp;#0;&amp;#0;&amp;#0;&amp;#0;&amp;#0;&amp;#0;&amp;#0;&amp;#0;&amp;#0;&amp;#0;&amp;#0;&amp;#0;&amp;#0;&amp;#0;&amp;#0;&amp;#0;&amp;#0;&amp;#0;&amp;#0;&amp;#0;&amp;#0;&amp;#0;&amp;#0;&amp;#0;&amp;#0;&amp;#0;&amp;#0;&amp;#0;&amp;#0;&amp;#0;&amp;#0;&amp;#0;&amp;#0;&amp;#0;&amp;#0;&amp;#0;&amp;#0;&amp;#0;&amp;#0;&amp;#0;&amp;#0;&amp;#0;&amp;#0;&amp;#0;&amp;#0;&amp;#0;&amp;#0;&amp;#0;&amp;#0;&amp;#0;&amp;#0;&amp;#0;&amp;#0;&amp;#0;&amp;#0;&amp;#0;&amp;#0;&amp;#0;&amp;#0;&amp;#0;&amp;#0;&amp;#0;&amp;#0;&amp;#0;&amp;#0;&amp;#0;&amp;#0;&amp;#0;&amp;#0;&amp;#0;&amp;#0;&amp;#0;&amp;#0;&amp;#0;&amp;#0;&amp;#0;&amp;#0;&amp;#0;&amp;#0;&amp;#0;&amp;#0;&amp;#0;&amp;#0;&amp;#0;&amp;#0;&amp;#0;&amp;#0;&amp;#0;&amp;#0;&amp;#0;&amp;#0;&amp;#0;&amp;#0;&amp;#0;&amp;#0;&amp;#0;&amp;#0;&amp;#0;&amp;#0;&amp;#0;&amp;#0;&amp;#0;&amp;#0;&amp;#0;&amp;#0;&amp;#0;&amp;#0;&amp;#0;&amp;#0;&amp;#0;&amp;#0;&amp;#0;&amp;#0;&amp;#0;&amp;#0;&amp;#0;&amp;#0;&amp;#0;&amp;#0;&amp;#0;&amp;#0;&amp;#0;&amp;#0;&amp;#0;&amp;#0;&amp;#0;&amp;#0;&amp;#0;&amp;#0;&amp;#0;&amp;#0;&amp;#0;&amp;#0;&amp;#0;&amp;#0;&amp;#0;&amp;#0;&amp;#0;&amp;#0;&amp;#0;&amp;#0;&amp;#0;&amp;#0;&amp;#0;&amp;#0;&amp;#0;&amp;#0;&amp;#0;&amp;#0;&amp;#0;&amp;#0;&amp;#0;&amp;#0;&amp;#0;&amp;#0;&amp;#0;&amp;#0;&amp;#0;&amp;#0;&amp;#0;&amp;#0;&amp;#0;&amp;#0;&amp;#0;&amp;#0;&amp;#0;&amp;#0;&amp;#0;&amp;#0;&amp;#0;&amp;#0;&amp;#0;&amp;#0;&amp;#0;&amp;#0;&amp;#0;&amp;#0;&amp;#0;&amp;#0;&amp;#0;&amp;#0;&amp;#0;&amp;#0;&amp;#0;&amp;#0;&amp;#0;&amp;#0;&amp;#0;&amp;#0;
12:46:32.542 [main] ERROR - Je passe ici ------------------------------------------------------
12:46:32.725 [main] ERROR - Exception occured during compilation!
java.lang.RuntimeException: null
	at be.unamur.info.b314.compiler.Visitor.PCodeVisitor.visitClauseDefault(PCodeVisitor.java:179) ~[classes/:?]
	at be.unamur.info.b314.compiler.B314Parser$ClauseDefaultContext.accept(B314Parser.java:4652) ~[classes/:?]
	at org.antlr.v4.runtime.tree.AbstractParseTreeVisitor.visitChildren(AbstractParseTreeVisitor.java:46) ~[antlr4-runtime-4.6.jar:4.6]
	at be.unamur.info.b314.compiler.B314BaseVisitor.visitProgramme(B314BaseVisitor.java:510) ~[classes/:?]
	at be.unamur.info.b314.compiler.Visitor.PCodeVisitor.visitProgramme(PCodeVisitor.java:94) ~[classes/:?]
	at be.unamur.info.b314.compiler.B314Parser$ProgrammeContext.accept(B314Parser.java:4028) ~[classes/:?]
	at be.unamur.info.b314.compiler.main.Main.printPCode(Main.java:236) ~[classes/:?]
	at be.unamur.info.b314.compiler.main.Main.compile(Main.java:199) ~[classes/:?]
	at be.unamur.info.b314.compiler.main.Main.main(Main.java:79) [classes/:?]
	at be.unamur.info.b314.compiler.main.CompilerTestHelper.launchCompilation(CompilerTestHelper.java:35) [test-classes/:?]
	at be.unamur.info.b314.compiler.main.B314whileinstructionSyntaxTest.testwhileinstruction_while_multiple_instructions_ok(B314whileinstructionSyntaxTest.java:49) [test-classes/:?]
	at sun.reflect.NativeMethodAccessorImpl.invoke0(Native Method) ~[?:1.8.0_60]
	at sun.reflect.NativeMethodAccessorImpl.invoke(NativeMethodAccessorImpl.java:62) ~[?:1.8.0_60]
	at sun.reflect.DelegatingMethodAccessorImpl.invoke(DelegatingMethodAccessorImpl.java:43) ~[?:1.8.0_60]
	at java.lang.reflect.Method.invoke(Method.java:497) ~[?:1.8.0_60]
	at org.junit.runners.model.FrameworkMethod$1.runReflectiveCall(FrameworkMethod.java:50) [junit-4.12.jar:4.12]
	at org.junit.internal.runners.model.ReflectiveCallable.run(ReflectiveCallable.java:12) [junit-4.12.jar:4.12]
	at org.junit.runners.model.FrameworkMethod.invokeExplosively(FrameworkMethod.java:47) [junit-4.12.jar:4.12]
	at org.junit.internal.runners.statements.InvokeMethod.evaluate(InvokeMethod.java:17) [junit-4.12.jar:4.12]
	at org.junit.rules.ExternalResource$1.evaluate(ExternalResource.java:48) [junit-4.12.jar:4.12]
	at org.junit.rules.TestWatcher$1.evaluate(TestWatcher.java:55) [junit-4.12.jar:4.12]
	at org.junit.rules.RunRules.evaluate(RunRules.java:20) [junit-4.12.jar:4.12]
	at org.junit.runners.ParentRunner.runLeaf(ParentRunner.java:325) [junit-4.12.jar:4.12]
	at org.junit.runners.BlockJUnit4ClassRunner.runChild(BlockJUnit4ClassRunner.java:78) [junit-4.12.jar:4.12]
	at org.junit.runners.BlockJUnit4ClassRunner.runChild(BlockJUnit4ClassRunner.java:57) [junit-4.12.jar:4.12]
	at org.junit.runners.ParentRunner$3.run(ParentRunner.java:290) [junit-4.12.jar:4.12]
	at org.junit.runners.ParentRunner$1.schedule(ParentRunner.java:71) [junit-4.12.jar:4.12]
	at org.junit.runners.ParentRunner.runChildren(ParentRunner.java:288) [junit-4.12.jar:4.12]
	at org.junit.runners.ParentRunner.access$000(ParentRunner.java:58) [junit-4.12.jar:4.12]
	at org.junit.runners.ParentRunner$2.evaluate(ParentRunner.java:268) [junit-4.12.jar:4.12]
	at org.junit.runners.ParentRunner.run(ParentRunner.java:363) [junit-4.12.jar:4.12]
	at org.apache.maven.surefire.junit4.JUnit4Provider.execute(JUnit4Provider.java:252) [surefire-junit4-2.12.4.jar:2.12.4]
	at org.apache.maven.surefire.junit4.JUnit4Provider.executeTestSet(JUnit4Provider.java:141) [surefire-junit4-2.12.4.jar:2.12.4]
	at org.apache.maven.surefire.junit4.JUnit4Provider.invoke(JUnit4Provider.java:112) [surefire-junit4-2.12.4.jar:2.12.4]
	at sun.reflect.NativeMethodAccessorImpl.invoke0(Native Method) ~[?:1.8.0_60]
	at sun.reflect.NativeMethodAccessorImpl.invoke(NativeMethodAccessorImpl.java:62) ~[?:1.8.0_60]
	at sun.reflect.DelegatingMethodAccessorImpl.invoke(DelegatingMethodAccessorImpl.java:43) ~[?:1.8.0_60]
	at java.lang.reflect.Method.invoke(Method.java:497) ~[?:1.8.0_60]
	at org.apache.maven.surefire.util.ReflectionUtils.invokeMethodWithArray(ReflectionUtils.java:189) [surefire-api-2.12.4.jar:2.12.4]
	at org.apache.maven.surefire.booter.ProviderFactory$ProviderProxy.invoke(ProviderFactory.java:165) [surefire-booter-2.12.4.jar:2.12.4]
	at org.apache.maven.surefire.booter.ProviderFactory.invokeProvider(ProviderFactory.java:85) [surefire-booter-2.12.4.jar:2.12.4]
	at org.apache.maven.surefire.booter.ForkedBooter.runSuitesInProcess(ForkedBooter.java:115) [surefire-booter-2.12.4.jar:2.12.4]
	at org.apache.maven.surefire.booter.ForkedBooter.main(ForkedBooter.java:75) [surefire-booter-2.12.4.jar:2.12.4]
</system-out>
  </testcase>
  <testcase classname="be.unamur.info.b314.compiler.main.B314whileinstructionSyntaxTest" name="testwhileinstruction_while_rightexpr_conditions_skip_ok" time="0.045">
    <failure message="whileinstruction: while_rightexpr_conditions_skip
Expected: a string ending with &quot;OK\r\n&quot;
     but: was &quot;KO
&quot;" type="java.lang.AssertionError">java.lang.AssertionError: whileinstruction: while_rightexpr_conditions_skip
Expected: a string ending with &quot;OK\r\n&quot;
     but: was &quot;KO
&quot;
	at org.hamcrest.MatcherAssert.assertThat(MatcherAssert.java:20)
	at org.junit.Assert.assertThat(Assert.java:956)
	at be.unamur.info.b314.compiler.main.CompilerTestHelper.launchCompilation(CompilerTestHelper.java:42)
	at be.unamur.info.b314.compiler.main.B314whileinstructionSyntaxTest.testwhileinstruction_while_rightexpr_conditions_skip_ok(B314whileinstructionSyntaxTest.java:54)
	at sun.reflect.NativeMethodAccessorImpl.invoke0(Native Method)
	at sun.reflect.NativeMethodAccessorImpl.invoke(NativeMethodAccessorImpl.java:62)
	at sun.reflect.DelegatingMethodAccessorImpl.invoke(DelegatingMethodAccessorImpl.java:43)
	at java.lang.reflect.Method.invoke(Method.java:497)
	at org.junit.runners.model.FrameworkMethod$1.runReflectiveCall(FrameworkMethod.java:50)
	at org.junit.internal.runners.model.ReflectiveCallable.run(ReflectiveCallable.java:12)
	at org.junit.runners.model.FrameworkMethod.invokeExplosively(FrameworkMethod.java:47)
	at org.junit.internal.runners.statements.InvokeMethod.evaluate(InvokeMethod.java:17)
	at org.junit.rules.ExternalResource$1.evaluate(ExternalResource.java:48)
	at org.junit.rules.TestWatcher$1.evaluate(TestWatcher.java:55)
	at org.junit.rules.RunRules.evaluate(RunRules.java:20)
	at org.junit.runners.ParentRunner.runLeaf(ParentRunner.java:325)
	at org.junit.runners.BlockJUnit4ClassRunner.runChild(BlockJUnit4ClassRunner.java:78)
	at org.junit.runners.BlockJUnit4ClassRunner.runChild(BlockJUnit4ClassRunner.java:57)
	at org.junit.runners.ParentRunner$3.run(ParentRunner.java:290)
	at org.junit.runners.ParentRunner$1.schedule(ParentRunner.java:71)
	at org.junit.runners.ParentRunner.runChildren(ParentRunner.java:288)
	at org.junit.runners.ParentRunner.access$000(ParentRunner.java:58)
	at org.junit.runners.ParentRunner$2.evaluate(ParentRunner.java:268)
	at org.junit.runners.ParentRunner.run(ParentRunner.java:363)
	at org.apache.maven.surefire.junit4.JUnit4Provider.execute(JUnit4Provider.java:252)
	at org.apache.maven.surefire.junit4.JUnit4Provider.executeTestSet(JUnit4Provider.java:141)
	at org.apache.maven.surefire.junit4.JUnit4Provider.invoke(JUnit4Provider.java:112)
	at sun.reflect.NativeMethodAccessorImpl.invoke0(Native Method)
	at sun.reflect.NativeMethodAccessorImpl.invoke(NativeMethodAccessorImpl.java:62)
	at sun.reflect.DelegatingMethodAccessorImpl.invoke(DelegatingMethodAccessorImpl.java:43)
	at java.lang.reflect.Method.invoke(Method.java:497)
	at org.apache.maven.surefire.util.ReflectionUtils.invokeMethodWithArray(ReflectionUtils.java:189)
	at org.apache.maven.surefire.booter.ProviderFactory$ProviderProxy.invoke(ProviderFactory.java:165)
	at org.apache.maven.surefire.booter.ProviderFactory.invokeProvider(ProviderFactory.java:85)
	at org.apache.maven.surefire.booter.ForkedBooter.runSuitesInProcess(ForkedBooter.java:115)
	at org.apache.maven.surefire.booter.ForkedBooter.main(ForkedBooter.java:75)
</failure>
    <system-out>12:46:32.729 [main] INFO  - Starting test: testwhileinstruction_while_rightexpr_conditions_skip_ok()...
org.apache.commons.cli.CommandLine@78f9ed3e
12:46:32.746 [main] DEBUG - Initialisation
12:46:32.747 [main] DEBUG - Input file set to C:\Users\Nathalie Masudi\b314-Jour-MonkeyIsland\target\test-classes\syntax\whileinstruction\ok\while_rightexpr_conditions_skip.b314
12:46:32.750 [main] DEBUG - Output file set to C:\Users\NATHAL~1\AppData\Local\Temp\junit2728063271415636890\junit5889764283886636111.tmp
12:46:32.751 [main] DEBUG - Initialisation: done
jessica1
12:46:32.751 [main] DEBUG - Parsing input
/* My comments */ 
declare and retain 
    b as boolean;
    i as integer;
    s as square;
when your turn
by default
    do 
        while true and false or b do skip done
        while not (false and i &lt; 5 or b) do skip done
        while graal is north and b do skip done
        while graal is north and b or nearby[2, i + 1] = dirt do skip done
    done

&amp;#0;&amp;#0;&amp;#0;&amp;#0;&amp;#0;&amp;#0;&amp;#0;&amp;#0;&amp;#0;&amp;#0;&amp;#0;&amp;#0;&amp;#0;&amp;#0;&amp;#0;&amp;#0;&amp;#0;&amp;#0;&amp;#0;&amp;#0;&amp;#0;&amp;#0;&amp;#0;&amp;#0;&amp;#0;&amp;#0;&amp;#0;&amp;#0;&amp;#0;&amp;#0;&amp;#0;&amp;#0;&amp;#0;&amp;#0;&amp;#0;&amp;#0;&amp;#0;&amp;#0;&amp;#0;&amp;#0;&amp;#0;&amp;#0;&amp;#0;&amp;#0;&amp;#0;&amp;#0;&amp;#0;&amp;#0;&amp;#0;&amp;#0;&amp;#0;&amp;#0;&amp;#0;&amp;#0;&amp;#0;&amp;#0;&amp;#0;&amp;#0;&amp;#0;&amp;#0;&amp;#0;&amp;#0;&amp;#0;&amp;#0;&amp;#0;&amp;#0;&amp;#0;&amp;#0;&amp;#0;&amp;#0;&amp;#0;&amp;#0;&amp;#0;&amp;#0;&amp;#0;&amp;#0;&amp;#0;&amp;#0;&amp;#0;&amp;#0;&amp;#0;&amp;#0;&amp;#0;&amp;#0;&amp;#0;&amp;#0;&amp;#0;&amp;#0;&amp;#0;&amp;#0;&amp;#0;&amp;#0;&amp;#0;&amp;#0;&amp;#0;&amp;#0;&amp;#0;&amp;#0;&amp;#0;&amp;#0;&amp;#0;&amp;#0;&amp;#0;&amp;#0;&amp;#0;&amp;#0;&amp;#0;&amp;#0;&amp;#0;&amp;#0;&amp;#0;&amp;#0;&amp;#0;&amp;#0;&amp;#0;&amp;#0;&amp;#0;&amp;#0;&amp;#0;&amp;#0;&amp;#0;&amp;#0;&amp;#0;&amp;#0;&amp;#0;&amp;#0;&amp;#0;&amp;#0;&amp;#0;&amp;#0;&amp;#0;&amp;#0;&amp;#0;&amp;#0;&amp;#0;&amp;#0;&amp;#0;&amp;#0;&amp;#0;&amp;#0;&amp;#0;&amp;#0;&amp;#0;&amp;#0;&amp;#0;&amp;#0;&amp;#0;&amp;#0;&amp;#0;&amp;#0;&amp;#0;&amp;#0;&amp;#0;&amp;#0;&amp;#0;&amp;#0;&amp;#0;&amp;#0;&amp;#0;&amp;#0;&amp;#0;&amp;#0;&amp;#0;&amp;#0;&amp;#0;&amp;#0;&amp;#0;&amp;#0;&amp;#0;&amp;#0;&amp;#0;&amp;#0;&amp;#0;&amp;#0;&amp;#0;&amp;#0;&amp;#0;&amp;#0;&amp;#0;&amp;#0;&amp;#0;&amp;#0;&amp;#0;&amp;#0;&amp;#0;&amp;#0;&amp;#0;&amp;#0;&amp;#0;&amp;#0;&amp;#0;&amp;#0;&amp;#0;&amp;#0;&amp;#0;&amp;#0;&amp;#0;&amp;#0;&amp;#0;&amp;#0;&amp;#0;&amp;#0;&amp;#0;&amp;#0;&amp;#0;&amp;#0;&amp;#0;&amp;#0;&amp;#0;&amp;#0;&amp;#0;&amp;#0;&amp;#0;&amp;#0;&amp;#0;&amp;#0;&amp;#0;&amp;#0;&amp;#0;&amp;#0;&amp;#0;&amp;#0;&amp;#0;&amp;#0;&amp;#0;&amp;#0;&amp;#0;&amp;#0;&amp;#0;&amp;#0;&amp;#0;&amp;#0;&amp;#0;&amp;#0;&amp;#0;&amp;#0;&amp;#0;&amp;#0;&amp;#0;&amp;#0;&amp;#0;&amp;#0;&amp;#0;&amp;#0;&amp;#0;&amp;#0;&amp;#0;&amp;#0;&amp;#0;&amp;#0;&amp;#0;&amp;#0;&amp;#0;&amp;#0;&amp;#0;&amp;#0;&amp;#0;&amp;#0;&amp;#0;&amp;#0;&amp;#0;&amp;#0;&amp;#0;&amp;#0;&amp;#0;&amp;#0;&amp;#0;&amp;#0;&amp;#0;&amp;#0;&amp;#0;&amp;#0;&amp;#0;&amp;#0;&amp;#0;&amp;#0;&amp;#0;&amp;#0;&amp;#0;&amp;#0;&amp;#0;&amp;#0;&amp;#0;&amp;#0;&amp;#0;&amp;#0;&amp;#0;&amp;#0;&amp;#0;&amp;#0;&amp;#0;&amp;#0;&amp;#0;&amp;#0;&amp;#0;&amp;#0;&amp;#0;&amp;#0;&amp;#0;&amp;#0;&amp;#0;&amp;#0;&amp;#0;&amp;#0;&amp;#0;&amp;#0;&amp;#0;&amp;#0;&amp;#0;&amp;#0;&amp;#0;&amp;#0;&amp;#0;&amp;#0;&amp;#0;&amp;#0;&amp;#0;&amp;#0;&amp;#0;&amp;#0;&amp;#0;&amp;#0;&amp;#0;&amp;#0;&amp;#0;&amp;#0;&amp;#0;&amp;#0;&amp;#0;&amp;#0;&amp;#0;&amp;#0;&amp;#0;&amp;#0;&amp;#0;&amp;#0;&amp;#0;&amp;#0;&amp;#0;&amp;#0;&amp;#0;&amp;#0;&amp;#0;&amp;#0;&amp;#0;&amp;#0;&amp;#0;&amp;#0;&amp;#0;&amp;#0;&amp;#0;&amp;#0;&amp;#0;&amp;#0;&amp;#0;&amp;#0;&amp;#0;&amp;#0;&amp;#0;&amp;#0;&amp;#0;&amp;#0;&amp;#0;&amp;#0;&amp;#0;&amp;#0;&amp;#0;&amp;#0;&amp;#0;&amp;#0;&amp;#0;&amp;#0;&amp;#0;&amp;#0;&amp;#0;&amp;#0;&amp;#0;&amp;#0;&amp;#0;&amp;#0;&amp;#0;&amp;#0;&amp;#0;&amp;#0;&amp;#0;&amp;#0;&amp;#0;&amp;#0;&amp;#0;&amp;#0;&amp;#0;&amp;#0;&amp;#0;&amp;#0;&amp;#0;&amp;#0;&amp;#0;&amp;#0;&amp;#0;&amp;#0;&amp;#0;&amp;#0;&amp;#0;&amp;#0;&amp;#0;&amp;#0;&amp;#0;&amp;#0;&amp;#0;&amp;#0;&amp;#0;&amp;#0;&amp;#0;&amp;#0;&amp;#0;&amp;#0;&amp;#0;&amp;#0;&amp;#0;&amp;#0;&amp;#0;&amp;#0;&amp;#0;&amp;#0;&amp;#0;&amp;#0;&amp;#0;&amp;#0;&amp;#0;&amp;#0;&amp;#0;&amp;#0;&amp;#0;&amp;#0;&amp;#0;&amp;#0;&amp;#0;&amp;#0;&amp;#0;&amp;#0;&amp;#0;&amp;#0;&amp;#0;&amp;#0;&amp;#0;&amp;#0;&amp;#0;&amp;#0;&amp;#0;&amp;#0;&amp;#0;&amp;#0;&amp;#0;&amp;#0;&amp;#0;&amp;#0;&amp;#0;&amp;#0;&amp;#0;&amp;#0;&amp;#0;&amp;#0;&amp;#0;&amp;#0;&amp;#0;&amp;#0;&amp;#0;&amp;#0;&amp;#0;&amp;#0;&amp;#0;&amp;#0;&amp;#0;&amp;#0;&amp;#0;&amp;#0;&amp;#0;&amp;#0;&amp;#0;&amp;#0;&amp;#0;&amp;#0;&amp;#0;&amp;#0;&amp;#0;&amp;#0;&amp;#0;&amp;#0;&amp;#0;&amp;#0;&amp;#0;&amp;#0;&amp;#0;&amp;#0;&amp;#0;&amp;#0;&amp;#0;&amp;#0;&amp;#0;&amp;#0;&amp;#0;&amp;#0;&amp;#0;&amp;#0;&amp;#0;&amp;#0;&amp;#0;&amp;#0;&amp;#0;&amp;#0;&amp;#0;&amp;#0;&amp;#0;&amp;#0;&amp;#0;&amp;#0;&amp;#0;&amp;#0;&amp;#0;&amp;#0;&amp;#0;&amp;#0;&amp;#0;&amp;#0;&amp;#0;&amp;#0;&amp;#0;&amp;#0;&amp;#0;&amp;#0;&amp;#0;&amp;#0;&amp;#0;&amp;#0;&amp;#0;&amp;#0;&amp;#0;&amp;#0;&amp;#0;&amp;#0;&amp;#0;&amp;#0;&amp;#0;&amp;#0;&amp;#0;&amp;#0;&amp;#0;&amp;#0;&amp;#0;&amp;#0;&amp;#0;&amp;#0;&amp;#0;&amp;#0;&amp;#0;&amp;#0;&amp;#0;&amp;#0;&amp;#0;&amp;#0;&amp;#0;&amp;#0;&amp;#0;&amp;#0;&amp;#0;&amp;#0;&amp;#0;&amp;#0;&amp;#0;&amp;#0;&amp;#0;&amp;#0;&amp;#0;&amp;#0;&amp;#0;&amp;#0;&amp;#0;&amp;#0;&amp;#0;&amp;#0;&amp;#0;&amp;#0;&amp;#0;&amp;#0;&amp;#0;&amp;#0;&amp;#0;&amp;#0;&amp;#0;&amp;#0;&amp;#0;&amp;#0;&amp;#0;&amp;#0;&amp;#0;&amp;#0;&amp;#0;&amp;#0;&amp;#0;&amp;#0;&amp;#0;&amp;#0;&amp;#0;&amp;#0;&amp;#0;&amp;#0;&amp;#0;&amp;#0;&amp;#0;&amp;#0;&amp;#0;&amp;#0;&amp;#0;&amp;#0;&amp;#0;&amp;#0;&amp;#0;&amp;#0;&amp;#0;&amp;#0;&amp;#0;&amp;#0;&amp;#0;&amp;#0;&amp;#0;&amp;#0;&amp;#0;&amp;#0;&amp;#0;&amp;#0;&amp;#0;&amp;#0;&amp;#0;&amp;#0;&amp;#0;&amp;#0;&amp;#0;&amp;#0;&amp;#0;&amp;#0;&amp;#0;&amp;#0;&amp;#0;&amp;#0;&amp;#0;&amp;#0;&amp;#0;&amp;#0;&amp;#0;&amp;#0;&amp;#0;&amp;#0;&amp;#0;&amp;#0;&amp;#0;&amp;#0;&amp;#0;&amp;#0;&amp;#0;&amp;#0;&amp;#0;&amp;#0;&amp;#0;&amp;#0;&amp;#0;&amp;#0;&amp;#0;&amp;#0;&amp;#0;&amp;#0;&amp;#0;&amp;#0;&amp;#0;&amp;#0;&amp;#0;&amp;#0;&amp;#0;&amp;#0;&amp;#0;&amp;#0;&amp;#0;&amp;#0;&amp;#0;&amp;#0;&amp;#0;&amp;#0;&amp;#0;&amp;#0;&amp;#0;&amp;#0;&amp;#0;&amp;#0;&amp;#0;&amp;#0;&amp;#0;&amp;#0;&amp;#0;&amp;#0;&amp;#0;&amp;#0;&amp;#0;&amp;#0;&amp;#0;&amp;#0;&amp;#0;&amp;#0;&amp;#0;&amp;#0;&amp;#0;&amp;#0;&amp;#0;&amp;#0;&amp;#0;&amp;#0;&amp;#0;&amp;#0;&amp;#0;&amp;#0;&amp;#0;&amp;#0;&amp;#0;&amp;#0;&amp;#0;&amp;#0;&amp;#0;&amp;#0;&amp;#0;&amp;#0;&amp;#0;&amp;#0;&amp;#0;&amp;#0;&amp;#0;&amp;#0;&amp;#0;&amp;#0;&amp;#0;&amp;#0;&amp;#0;&amp;#0;&amp;#0;&amp;#0;&amp;#0;&amp;#0;&amp;#0;&amp;#0;&amp;#0;&amp;#0;&amp;#0;&amp;#0;&amp;#0;&amp;#0;&amp;#0;&amp;#0;&amp;#0;&amp;#0;&amp;#0;&amp;#0;&amp;#0;&amp;#0;&amp;#0;&amp;#0;&amp;#0;&amp;#0;&amp;#0;&amp;#0;&amp;#0;&amp;#0;&amp;#0;&amp;#0;&amp;#0;&amp;#0;&amp;#0;&amp;#0;&amp;#0;&amp;#0;&amp;#0;&amp;#0;&amp;#0;&amp;#0;&amp;#0;&amp;#0;&amp;#0;&amp;#0;&amp;#0;&amp;#0;&amp;#0;&amp;#0;&amp;#0;&amp;#0;&amp;#0;&amp;#0;&amp;#0;&amp;#0;&amp;#0;&amp;#0;&amp;#0;&amp;#0;&amp;#0;&amp;#0;&amp;#0;&amp;#0;&amp;#0;&amp;#0;&amp;#0;&amp;#0;&amp;#0;&amp;#0;&amp;#0;&amp;#0;&amp;#0;&amp;#0;&amp;#0;&amp;#0;&amp;#0;&amp;#0;&amp;#0;&amp;#0;&amp;#0;&amp;#0;&amp;#0;&amp;#0;&amp;#0;&amp;#0;&amp;#0;&amp;#0;&amp;#0;&amp;#0;&amp;#0;&amp;#0;&amp;#0;&amp;#0;&amp;#0;&amp;#0;&amp;#0;&amp;#0;&amp;#0;&amp;#0;&amp;#0;&amp;#0;&amp;#0;&amp;#0;&amp;#0;&amp;#0;&amp;#0;&amp;#0;&amp;#0;&amp;#0;&amp;#0;&amp;#0;&amp;#0;&amp;#0;&amp;#0;&amp;#0;&amp;#0;&amp;#0;&amp;#0;&amp;#0;&amp;#0;&amp;#0;&amp;#0;&amp;#0;&amp;#0;&amp;#0;&amp;#0;&amp;#0;&amp;#0;&amp;#0;&amp;#0;&amp;#0;&amp;#0;&amp;#0;&amp;#0;&amp;#0;&amp;#0;&amp;#0;&amp;#0;&amp;#0;&amp;#0;&amp;#0;&amp;#0;&amp;#0;&amp;#0;&amp;#0;&amp;#0;&amp;#0;&amp;#0;&amp;#0;&amp;#0;&amp;#0;&amp;#0;&amp;#0;&amp;#0;&amp;#0;&amp;#0;&amp;#0;&amp;#0;&amp;#0;&amp;#0;&amp;#0;&amp;#0;&amp;#0;&amp;#0;&amp;#0;&amp;#0;&amp;#0;&amp;#0;&amp;#0;&amp;#0;&amp;#0;&amp;#0;&amp;#0;&amp;#0;&amp;#0;&amp;#0;&amp;#0;&amp;#0;&amp;#0;&amp;#0;&amp;#0;&amp;#0;&amp;#0;&amp;#0;&amp;#0;&amp;#0;&amp;#0;&amp;#0;&amp;#0;&amp;#0;&amp;#0;&amp;#0;&amp;#0;&amp;#0;&amp;#0;&amp;#0;&amp;#0;&amp;#0;&amp;#0;&amp;#0;&amp;#0;&amp;#0;&amp;#0;&amp;#0;&amp;#0;&amp;#0;&amp;#0;&amp;#0;&amp;#0;&amp;#0;&amp;#0;&amp;#0;&amp;#0;&amp;#0;&amp;#0;&amp;#0;&amp;#0;&amp;#0;&amp;#0;&amp;#0;&amp;#0;&amp;#0;&amp;#0;&amp;#0;&amp;#0;&amp;#0;&amp;#0;&amp;#0;&amp;#0;&amp;#0;&amp;#0;&amp;#0;&amp;#0;&amp;#0;&amp;#0;&amp;#0;&amp;#0;&amp;#0;&amp;#0;&amp;#0;&amp;#0;&amp;#0;&amp;#0;&amp;#0;&amp;#0;&amp;#0;&amp;#0;&amp;#0;&amp;#0;&amp;#0;&amp;#0;&amp;#0;&amp;#0;&amp;#0;&amp;#0;&amp;#0;&amp;#0;&amp;#0;&amp;#0;&amp;#0;&amp;#0;&amp;#0;&amp;#0;&amp;#0;&amp;#0;&amp;#0;&amp;#0;&amp;#0;&amp;#0;&amp;#0;&amp;#0;&amp;#0;&amp;#0;&amp;#0;&amp;#0;&amp;#0;&amp;#0;&amp;#0;&amp;#0;&amp;#0;&amp;#0;&amp;#0;&amp;#0;&amp;#0;&amp;#0;&amp;#0;&amp;#0;&amp;#0;&amp;#0;&amp;#0;&amp;#0;&amp;#0;&amp;#0;&amp;#0;&amp;#0;&amp;#0;&amp;#0;&amp;#0;&amp;#0;&amp;#0;&amp;#0;&amp;#0;&amp;#0;&amp;#0;&amp;#0;&amp;#0;&amp;#0;&amp;#0;&amp;#0;&amp;#0;&amp;#0;&amp;#0;&amp;#0;&amp;#0;&amp;#0;&amp;#0;&amp;#0;&amp;#0;&amp;#0;&amp;#0;&amp;#0;&amp;#0;&amp;#0;&amp;#0;&amp;#0;&amp;#0;&amp;#0;&amp;#0;&amp;#0;&amp;#0;&amp;#0;&amp;#0;&amp;#0;&amp;#0;&amp;#0;&amp;#0;&amp;#0;&amp;#0;&amp;#0;&amp;#0;&amp;#0;&amp;#0;&amp;#0;&amp;#0;&amp;#0;&amp;#0;&amp;#0;&amp;#0;&amp;#0;&amp;#0;&amp;#0;&amp;#0;&amp;#0;&amp;#0;&amp;#0;&amp;#0;&amp;#0;&amp;#0;&amp;#0;&amp;#0;&amp;#0;&amp;#0;&amp;#0;&amp;#0;&amp;#0;&amp;#0;&amp;#0;&amp;#0;&amp;#0;&amp;#0;&amp;#0;&amp;#0;&amp;#0;&amp;#0;&amp;#0;&amp;#0;&amp;#0;&amp;#0;&amp;#0;&amp;#0;&amp;#0;&amp;#0;&amp;#0;&amp;#0;&amp;#0;&amp;#0;&amp;#0;&amp;#0;&amp;#0;&amp;#0;&amp;#0;&amp;#0;&amp;#0;&amp;#0;&amp;#0;&amp;#0;&amp;#0;&amp;#0;&amp;#0;&amp;#0;&amp;#0;&amp;#0;&amp;#0;&amp;#0;&amp;#0;&amp;#0;&amp;#0;&amp;#0;&amp;#0;&amp;#0;&amp;#0;&amp;#0;&amp;#0;&amp;#0;&amp;#0;&amp;#0;&amp;#0;&amp;#0;&amp;#0;&amp;#0;&amp;#0;&amp;#0;&amp;#0;&amp;#0;&amp;#0;&amp;#0;&amp;#0;&amp;#0;&amp;#0;&amp;#0;&amp;#0;&amp;#0;&amp;#0;&amp;#0;&amp;#0;&amp;#0;&amp;#0;&amp;#0;&amp;#0;&amp;#0;&amp;#0;&amp;#0;&amp;#0;&amp;#0;&amp;#0;&amp;#0;&amp;#0;&amp;#0;&amp;#0;&amp;#0;&amp;#0;&amp;#0;&amp;#0;&amp;#0;&amp;#0;&amp;#0;&amp;#0;&amp;#0;&amp;#0;&amp;#0;&amp;#0;&amp;#0;&amp;#0;&amp;#0;&amp;#0;&amp;#0;&amp;#0;&amp;#0;&amp;#0;&amp;#0;&amp;#0;&amp;#0;&amp;#0;&amp;#0;&amp;#0;&amp;#0;&amp;#0;&amp;#0;&amp;#0;&amp;#0;&amp;#0;&amp;#0;&amp;#0;&amp;#0;&amp;#0;&amp;#0;&amp;#0;&amp;#0;&amp;#0;&amp;#0;&amp;#0;&amp;#0;&amp;#0;&amp;#0;&amp;#0;&amp;#0;&amp;#0;&amp;#0;&amp;#0;&amp;#0;&amp;#0;&amp;#0;&amp;#0;&amp;#0;&amp;#0;&amp;#0;&amp;#0;&amp;#0;&amp;#0;&amp;#0;&amp;#0;&amp;#0;&amp;#0;&amp;#0;&amp;#0;&amp;#0;&amp;#0;&amp;#0;&amp;#0;&amp;#0;&amp;#0;&amp;#0;&amp;#0;&amp;#0;&amp;#0;&amp;#0;&amp;#0;&amp;#0;&amp;#0;&amp;#0;&amp;#0;&amp;#0;&amp;#0;&amp;#0;&amp;#0;&amp;#0;&amp;#0;&amp;#0;&amp;#0;&amp;#0;&amp;#0;&amp;#0;&amp;#0;&amp;#0;&amp;#0;&amp;#0;&amp;#0;&amp;#0;&amp;#0;&amp;#0;&amp;#0;&amp;#0;&amp;#0;&amp;#0;&amp;#0;&amp;#0;&amp;#0;&amp;#0;&amp;#0;&amp;#0;&amp;#0;&amp;#0;&amp;#0;&amp;#0;&amp;#0;&amp;#0;&amp;#0;&amp;#0;&amp;#0;&amp;#0;&amp;#0;&amp;#0;&amp;#0;&amp;#0;&amp;#0;&amp;#0;&amp;#0;&amp;#0;&amp;#0;&amp;#0;&amp;#0;&amp;#0;&amp;#0;&amp;#0;&amp;#0;&amp;#0;&amp;#0;&amp;#0;&amp;#0;&amp;#0;&amp;#0;&amp;#0;&amp;#0;&amp;#0;&amp;#0;&amp;#0;&amp;#0;&amp;#0;&amp;#0;&amp;#0;&amp;#0;&amp;#0;&amp;#0;&amp;#0;&amp;#0;&amp;#0;&amp;#0;&amp;#0;&amp;#0;&amp;#0;&amp;#0;&amp;#0;&amp;#0;&amp;#0;&amp;#0;&amp;#0;&amp;#0;&amp;#0;&amp;#0;&amp;#0;&amp;#0;&amp;#0;&amp;#0;&amp;#0;&amp;#0;&amp;#0;&amp;#0;&amp;#0;&amp;#0;&amp;#0;&amp;#0;&amp;#0;&amp;#0;&amp;#0;&amp;#0;&amp;#0;&amp;#0;&amp;#0;&amp;#0;&amp;#0;&amp;#0;&amp;#0;&amp;#0;&amp;#0;&amp;#0;&amp;#0;&amp;#0;&amp;#0;&amp;#0;&amp;#0;&amp;#0;&amp;#0;&amp;#0;&amp;#0;&amp;#0;&amp;#0;&amp;#0;&amp;#0;&amp;#0;&amp;#0;&amp;#0;&amp;#0;&amp;#0;&amp;#0;&amp;#0;&amp;#0;&amp;#0;&amp;#0;&amp;#0;&amp;#0;&amp;#0;&amp;#0;&amp;#0;&amp;#0;&amp;#0;&amp;#0;&amp;#0;&amp;#0;&amp;#0;&amp;#0;&amp;#0;&amp;#0;&amp;#0;&amp;#0;&amp;#0;&amp;#0;&amp;#0;&amp;#0;&amp;#0;&amp;#0;&amp;#0;&amp;#0;&amp;#0;&amp;#0;&amp;#0;&amp;#0;&amp;#0;&amp;#0;&amp;#0;&amp;#0;&amp;#0;&amp;#0;&amp;#0;&amp;#0;&amp;#0;&amp;#0;&amp;#0;&amp;#0;&amp;#0;&amp;#0;&amp;#0;&amp;#0;&amp;#0;&amp;#0;&amp;#0;&amp;#0;&amp;#0;&amp;#0;&amp;#0;&amp;#0;&amp;#0;&amp;#0;&amp;#0;&amp;#0;&amp;#0;&amp;#0;&amp;#0;&amp;#0;&amp;#0;&amp;#0;&amp;#0;&amp;#0;&amp;#0;&amp;#0;&amp;#0;&amp;#0;&amp;#0;&amp;#0;&amp;#0;&amp;#0;&amp;#0;&amp;#0;&amp;#0;&amp;#0;&amp;#0;&amp;#0;&amp;#0;&amp;#0;&amp;#0;&amp;#0;&amp;#0;&amp;#0;&amp;#0;&amp;#0;&amp;#0;&amp;#0;&amp;#0;&amp;#0;&amp;#0;&amp;#0;&amp;#0;&amp;#0;&amp;#0;&amp;#0;&amp;#0;&amp;#0;&amp;#0;&amp;#0;&amp;#0;&amp;#0;&amp;#0;&amp;#0;&amp;#0;&amp;#0;&amp;#0;&amp;#0;&amp;#0;&amp;#0;&amp;#0;&amp;#0;&amp;#0;&amp;#0;&amp;#0;&amp;#0;&amp;#0;&amp;#0;&amp;#0;&amp;#0;&amp;#0;&amp;#0;&amp;#0;&amp;#0;&amp;#0;&amp;#0;&amp;#0;&amp;#0;&amp;#0;&amp;#0;&amp;#0;&amp;#0;&amp;#0;&amp;#0;&amp;#0;&amp;#0;&amp;#0;&amp;#0;&amp;#0;&amp;#0;&amp;#0;&amp;#0;&amp;#0;&amp;#0;&amp;#0;&amp;#0;&amp;#0;&amp;#0;&amp;#0;&amp;#0;&amp;#0;&amp;#0;&amp;#0;&amp;#0;&amp;#0;&amp;#0;&amp;#0;&amp;#0;&amp;#0;&amp;#0;&amp;#0;&amp;#0;&amp;#0;&amp;#0;&amp;#0;&amp;#0;&amp;#0;&amp;#0;&amp;#0;&amp;#0;&amp;#0;&amp;#0;&amp;#0;&amp;#0;&amp;#0;&amp;#0;&amp;#0;&amp;#0;&amp;#0;&amp;#0;&amp;#0;&amp;#0;&amp;#0;&amp;#0;&amp;#0;&amp;#0;&amp;#0;&amp;#0;&amp;#0;&amp;#0;&amp;#0;&amp;#0;&amp;#0;&amp;#0;&amp;#0;&amp;#0;&amp;#0;&amp;#0;&amp;#0;&amp;#0;&amp;#0;&amp;#0;&amp;#0;&amp;#0;&amp;#0;&amp;#0;&amp;#0;&amp;#0;&amp;#0;&amp;#0;&amp;#0;&amp;#0;&amp;#0;&amp;#0;&amp;#0;&amp;#0;&amp;#0;&amp;#0;&amp;#0;&amp;#0;&amp;#0;&amp;#0;&amp;#0;&amp;#0;&amp;#0;&amp;#0;&amp;#0;&amp;#0;&amp;#0;&amp;#0;&amp;#0;&amp;#0;&amp;#0;&amp;#0;&amp;#0;&amp;#0;&amp;#0;&amp;#0;&amp;#0;&amp;#0;&amp;#0;&amp;#0;&amp;#0;&amp;#0;&amp;#0;&amp;#0;&amp;#0;&amp;#0;&amp;#0;&amp;#0;&amp;#0;&amp;#0;&amp;#0;&amp;#0;&amp;#0;&amp;#0;&amp;#0;&amp;#0;&amp;#0;&amp;#0;&amp;#0;&amp;#0;&amp;#0;&amp;#0;&amp;#0;&amp;#0;&amp;#0;
12:46:32.755 [main] ERROR - Je passe ici ------------------------------------------------------
12:46:32.756 [main] ERROR - Exception occured during compilation!
java.lang.RuntimeException: null
	at be.unamur.info.b314.compiler.Visitor.PCodeVisitor.visitClauseDefault(PCodeVisitor.java:179) ~[classes/:?]
	at be.unamur.info.b314.compiler.B314Parser$ClauseDefaultContext.accept(B314Parser.java:4652) ~[classes/:?]
	at org.antlr.v4.runtime.tree.AbstractParseTreeVisitor.visitChildren(AbstractParseTreeVisitor.java:46) ~[antlr4-runtime-4.6.jar:4.6]
	at be.unamur.info.b314.compiler.B314BaseVisitor.visitProgramme(B314BaseVisitor.java:510) ~[classes/:?]
	at be.unamur.info.b314.compiler.Visitor.PCodeVisitor.visitProgramme(PCodeVisitor.java:94) ~[classes/:?]
	at be.unamur.info.b314.compiler.B314Parser$ProgrammeContext.accept(B314Parser.java:4028) ~[classes/:?]
	at be.unamur.info.b314.compiler.main.Main.printPCode(Main.java:236) ~[classes/:?]
	at be.unamur.info.b314.compiler.main.Main.compile(Main.java:199) ~[classes/:?]
	at be.unamur.info.b314.compiler.main.Main.main(Main.java:79) [classes/:?]
	at be.unamur.info.b314.compiler.main.CompilerTestHelper.launchCompilation(CompilerTestHelper.java:35) [test-classes/:?]
	at be.unamur.info.b314.compiler.main.B314whileinstructionSyntaxTest.testwhileinstruction_while_rightexpr_conditions_skip_ok(B314whileinstructionSyntaxTest.java:54) [test-classes/:?]
	at sun.reflect.NativeMethodAccessorImpl.invoke0(Native Method) ~[?:1.8.0_60]
	at sun.reflect.NativeMethodAccessorImpl.invoke(NativeMethodAccessorImpl.java:62) ~[?:1.8.0_60]
	at sun.reflect.DelegatingMethodAccessorImpl.invoke(DelegatingMethodAccessorImpl.java:43) ~[?:1.8.0_60]
	at java.lang.reflect.Method.invoke(Method.java:497) ~[?:1.8.0_60]
	at org.junit.runners.model.FrameworkMethod$1.runReflectiveCall(FrameworkMethod.java:50) [junit-4.12.jar:4.12]
	at org.junit.internal.runners.model.ReflectiveCallable.run(ReflectiveCallable.java:12) [junit-4.12.jar:4.12]
	at org.junit.runners.model.FrameworkMethod.invokeExplosively(FrameworkMethod.java:47) [junit-4.12.jar:4.12]
	at org.junit.internal.runners.statements.InvokeMethod.evaluate(InvokeMethod.java:17) [junit-4.12.jar:4.12]
	at org.junit.rules.ExternalResource$1.evaluate(ExternalResource.java:48) [junit-4.12.jar:4.12]
	at org.junit.rules.TestWatcher$1.evaluate(TestWatcher.java:55) [junit-4.12.jar:4.12]
	at org.junit.rules.RunRules.evaluate(RunRules.java:20) [junit-4.12.jar:4.12]
	at org.junit.runners.ParentRunner.runLeaf(ParentRunner.java:325) [junit-4.12.jar:4.12]
	at org.junit.runners.BlockJUnit4ClassRunner.runChild(BlockJUnit4ClassRunner.java:78) [junit-4.12.jar:4.12]
	at org.junit.runners.BlockJUnit4ClassRunner.runChild(BlockJUnit4ClassRunner.java:57) [junit-4.12.jar:4.12]
	at org.junit.runners.ParentRunner$3.run(ParentRunner.java:290) [junit-4.12.jar:4.12]
	at org.junit.runners.ParentRunner$1.schedule(ParentRunner.java:71) [junit-4.12.jar:4.12]
	at org.junit.runners.ParentRunner.runChildren(ParentRunner.java:288) [junit-4.12.jar:4.12]
	at org.junit.runners.ParentRunner.access$000(ParentRunner.java:58) [junit-4.12.jar:4.12]
	at org.junit.runners.ParentRunner$2.evaluate(ParentRunner.java:268) [junit-4.12.jar:4.12]
	at org.junit.runners.ParentRunner.run(ParentRunner.java:363) [junit-4.12.jar:4.12]
	at org.apache.maven.surefire.junit4.JUnit4Provider.execute(JUnit4Provider.java:252) [surefire-junit4-2.12.4.jar:2.12.4]
	at org.apache.maven.surefire.junit4.JUnit4Provider.executeTestSet(JUnit4Provider.java:141) [surefire-junit4-2.12.4.jar:2.12.4]
	at org.apache.maven.surefire.junit4.JUnit4Provider.invoke(JUnit4Provider.java:112) [surefire-junit4-2.12.4.jar:2.12.4]
	at sun.reflect.NativeMethodAccessorImpl.invoke0(Native Method) ~[?:1.8.0_60]
	at sun.reflect.NativeMethodAccessorImpl.invoke(NativeMethodAccessorImpl.java:62) ~[?:1.8.0_60]
	at sun.reflect.DelegatingMethodAccessorImpl.invoke(DelegatingMethodAccessorImpl.java:43) ~[?:1.8.0_60]
	at java.lang.reflect.Method.invoke(Method.java:497) ~[?:1.8.0_60]
	at org.apache.maven.surefire.util.ReflectionUtils.invokeMethodWithArray(ReflectionUtils.java:189) [surefire-api-2.12.4.jar:2.12.4]
	at org.apache.maven.surefire.booter.ProviderFactory$ProviderProxy.invoke(ProviderFactory.java:165) [surefire-booter-2.12.4.jar:2.12.4]
	at org.apache.maven.surefire.booter.ProviderFactory.invokeProvider(ProviderFactory.java:85) [surefire-booter-2.12.4.jar:2.12.4]
	at org.apache.maven.surefire.booter.ForkedBooter.runSuitesInProcess(ForkedBooter.java:115) [surefire-booter-2.12.4.jar:2.12.4]
	at org.apache.maven.surefire.booter.ForkedBooter.main(ForkedBooter.java:75) [surefire-booter-2.12.4.jar:2.12.4]
</system-out>
  </testcase>
  <testcase classname="be.unamur.info.b314.compiler.main.B314whileinstructionSyntaxTest" name="testwhileinstruction_if_with_sub_if_wrong_type_condition_1_ko" time="0.02"/>
  <testcase classname="be.unamur.info.b314.compiler.main.B314whileinstructionSyntaxTest" name="testwhileinstruction_for_as_while_ok" time="0.014">
    <failure message="whileinstruction: for_as_while
Expected: a string ending with &quot;OK\r\n&quot;
     but: was &quot;KO
&quot;" type="java.lang.AssertionError">java.lang.AssertionError: whileinstruction: for_as_while
Expected: a string ending with &quot;OK\r\n&quot;
     but: was &quot;KO
&quot;
	at org.hamcrest.MatcherAssert.assertThat(MatcherAssert.java:20)
	at org.junit.Assert.assertThat(Assert.java:956)
	at be.unamur.info.b314.compiler.main.CompilerTestHelper.launchCompilation(CompilerTestHelper.java:42)
	at be.unamur.info.b314.compiler.main.B314whileinstructionSyntaxTest.testwhileinstruction_for_as_while_ok(B314whileinstructionSyntaxTest.java:39)
	at sun.reflect.NativeMethodAccessorImpl.invoke0(Native Method)
	at sun.reflect.NativeMethodAccessorImpl.invoke(NativeMethodAccessorImpl.java:62)
	at sun.reflect.DelegatingMethodAccessorImpl.invoke(DelegatingMethodAccessorImpl.java:43)
	at java.lang.reflect.Method.invoke(Method.java:497)
	at org.junit.runners.model.FrameworkMethod$1.runReflectiveCall(FrameworkMethod.java:50)
	at org.junit.internal.runners.model.ReflectiveCallable.run(ReflectiveCallable.java:12)
	at org.junit.runners.model.FrameworkMethod.invokeExplosively(FrameworkMethod.java:47)
	at org.junit.internal.runners.statements.InvokeMethod.evaluate(InvokeMethod.java:17)
	at org.junit.rules.ExternalResource$1.evaluate(ExternalResource.java:48)
	at org.junit.rules.TestWatcher$1.evaluate(TestWatcher.java:55)
	at org.junit.rules.RunRules.evaluate(RunRules.java:20)
	at org.junit.runners.ParentRunner.runLeaf(ParentRunner.java:325)
	at org.junit.runners.BlockJUnit4ClassRunner.runChild(BlockJUnit4ClassRunner.java:78)
	at org.junit.runners.BlockJUnit4ClassRunner.runChild(BlockJUnit4ClassRunner.java:57)
	at org.junit.runners.ParentRunner$3.run(ParentRunner.java:290)
	at org.junit.runners.ParentRunner$1.schedule(ParentRunner.java:71)
	at org.junit.runners.ParentRunner.runChildren(ParentRunner.java:288)
	at org.junit.runners.ParentRunner.access$000(ParentRunner.java:58)
	at org.junit.runners.ParentRunner$2.evaluate(ParentRunner.java:268)
	at org.junit.runners.ParentRunner.run(ParentRunner.java:363)
	at org.apache.maven.surefire.junit4.JUnit4Provider.execute(JUnit4Provider.java:252)
	at org.apache.maven.surefire.junit4.JUnit4Provider.executeTestSet(JUnit4Provider.java:141)
	at org.apache.maven.surefire.junit4.JUnit4Provider.invoke(JUnit4Provider.java:112)
	at sun.reflect.NativeMethodAccessorImpl.invoke0(Native Method)
	at sun.reflect.NativeMethodAccessorImpl.invoke(NativeMethodAccessorImpl.java:62)
	at sun.reflect.DelegatingMethodAccessorImpl.invoke(DelegatingMethodAccessorImpl.java:43)
	at java.lang.reflect.Method.invoke(Method.java:497)
	at org.apache.maven.surefire.util.ReflectionUtils.invokeMethodWithArray(ReflectionUtils.java:189)
	at org.apache.maven.surefire.booter.ProviderFactory$ProviderProxy.invoke(ProviderFactory.java:165)
	at org.apache.maven.surefire.booter.ProviderFactory.invokeProvider(ProviderFactory.java:85)
	at org.apache.maven.surefire.booter.ForkedBooter.runSuitesInProcess(ForkedBooter.java:115)
	at org.apache.maven.surefire.booter.ForkedBooter.main(ForkedBooter.java:75)
</failure>
    <system-out>12:46:32.794 [main] INFO  - Starting test: testwhileinstruction_for_as_while_ok()...
org.apache.commons.cli.CommandLine@48e7b3d2
12:46:32.799 [main] DEBUG - Initialisation
12:46:32.800 [main] DEBUG - Input file set to C:\Users\Nathalie Masudi\b314-Jour-MonkeyIsland\target\test-classes\syntax\whileinstruction\ok\for_as_while.b314
12:46:32.800 [main] DEBUG - Output file set to C:\Users\NATHAL~1\AppData\Local\Temp\junit2853681623848658019\junit5299207856542852942.tmp
12:46:32.800 [main] DEBUG - Initialisation: done
jessica1
12:46:32.800 [main] DEBUG - Parsing input
/*

0

0,0,0

0,0,0,0,0
*/
declare and retain 
    b as boolean;
    i as integer;
    s as square;
    t1 as boolean[5];
    t2 as integer[42];
    t3 as square[42];
when your turn
by default
    do 
		set i to 0
		
		while i &lt; 11 do
			set i to i + 1
		done
		
		if not i = 10 then
        	next move west
        done
        
        next do nothing
    done&amp;#0;&amp;#0;&amp;#0;&amp;#0;&amp;#0;&amp;#0;&amp;#0;&amp;#0;&amp;#0;&amp;#0;&amp;#0;&amp;#0;&amp;#0;&amp;#0;&amp;#0;&amp;#0;&amp;#0;&amp;#0;&amp;#0;&amp;#0;&amp;#0;&amp;#0;&amp;#0;&amp;#0;&amp;#0;&amp;#0;&amp;#0;&amp;#0;&amp;#0;&amp;#0;&amp;#0;&amp;#0;&amp;#0;&amp;#0;&amp;#0;&amp;#0;&amp;#0;&amp;#0;&amp;#0;&amp;#0;&amp;#0;&amp;#0;&amp;#0;&amp;#0;&amp;#0;&amp;#0;&amp;#0;&amp;#0;&amp;#0;&amp;#0;&amp;#0;&amp;#0;&amp;#0;&amp;#0;&amp;#0;&amp;#0;&amp;#0;&amp;#0;&amp;#0;&amp;#0;&amp;#0;&amp;#0;&amp;#0;&amp;#0;&amp;#0;&amp;#0;&amp;#0;&amp;#0;&amp;#0;&amp;#0;&amp;#0;&amp;#0;&amp;#0;&amp;#0;&amp;#0;&amp;#0;&amp;#0;&amp;#0;&amp;#0;&amp;#0;&amp;#0;&amp;#0;&amp;#0;&amp;#0;&amp;#0;&amp;#0;&amp;#0;&amp;#0;&amp;#0;&amp;#0;&amp;#0;&amp;#0;&amp;#0;&amp;#0;&amp;#0;&amp;#0;&amp;#0;&amp;#0;&amp;#0;&amp;#0;&amp;#0;&amp;#0;&amp;#0;&amp;#0;&amp;#0;&amp;#0;&amp;#0;&amp;#0;&amp;#0;&amp;#0;&amp;#0;&amp;#0;&amp;#0;&amp;#0;&amp;#0;&amp;#0;&amp;#0;&amp;#0;&amp;#0;&amp;#0;&amp;#0;&amp;#0;&amp;#0;&amp;#0;&amp;#0;&amp;#0;&amp;#0;&amp;#0;&amp;#0;&amp;#0;&amp;#0;&amp;#0;&amp;#0;&amp;#0;&amp;#0;&amp;#0;&amp;#0;&amp;#0;&amp;#0;&amp;#0;&amp;#0;&amp;#0;&amp;#0;&amp;#0;&amp;#0;&amp;#0;&amp;#0;&amp;#0;&amp;#0;&amp;#0;&amp;#0;&amp;#0;&amp;#0;&amp;#0;&amp;#0;&amp;#0;&amp;#0;&amp;#0;&amp;#0;&amp;#0;&amp;#0;&amp;#0;&amp;#0;&amp;#0;&amp;#0;&amp;#0;&amp;#0;&amp;#0;&amp;#0;&amp;#0;&amp;#0;&amp;#0;&amp;#0;&amp;#0;&amp;#0;&amp;#0;&amp;#0;&amp;#0;&amp;#0;&amp;#0;&amp;#0;&amp;#0;&amp;#0;&amp;#0;&amp;#0;&amp;#0;&amp;#0;&amp;#0;&amp;#0;&amp;#0;&amp;#0;&amp;#0;&amp;#0;&amp;#0;&amp;#0;&amp;#0;&amp;#0;&amp;#0;&amp;#0;&amp;#0;&amp;#0;&amp;#0;&amp;#0;&amp;#0;&amp;#0;&amp;#0;&amp;#0;&amp;#0;&amp;#0;&amp;#0;&amp;#0;&amp;#0;&amp;#0;&amp;#0;&amp;#0;&amp;#0;&amp;#0;&amp;#0;&amp;#0;&amp;#0;&amp;#0;&amp;#0;&amp;#0;&amp;#0;&amp;#0;&amp;#0;&amp;#0;&amp;#0;&amp;#0;&amp;#0;&amp;#0;&amp;#0;&amp;#0;&amp;#0;&amp;#0;&amp;#0;&amp;#0;&amp;#0;&amp;#0;&amp;#0;&amp;#0;&amp;#0;&amp;#0;&amp;#0;&amp;#0;&amp;#0;&amp;#0;&amp;#0;&amp;#0;&amp;#0;&amp;#0;&amp;#0;&amp;#0;&amp;#0;&amp;#0;&amp;#0;&amp;#0;&amp;#0;&amp;#0;&amp;#0;&amp;#0;&amp;#0;&amp;#0;&amp;#0;&amp;#0;&amp;#0;&amp;#0;&amp;#0;&amp;#0;&amp;#0;&amp;#0;&amp;#0;&amp;#0;&amp;#0;&amp;#0;&amp;#0;&amp;#0;&amp;#0;&amp;#0;&amp;#0;&amp;#0;&amp;#0;&amp;#0;&amp;#0;&amp;#0;&amp;#0;&amp;#0;&amp;#0;&amp;#0;&amp;#0;&amp;#0;&amp;#0;&amp;#0;&amp;#0;&amp;#0;&amp;#0;&amp;#0;&amp;#0;&amp;#0;&amp;#0;&amp;#0;&amp;#0;&amp;#0;&amp;#0;&amp;#0;&amp;#0;&amp;#0;&amp;#0;&amp;#0;&amp;#0;&amp;#0;&amp;#0;&amp;#0;&amp;#0;&amp;#0;&amp;#0;&amp;#0;&amp;#0;&amp;#0;&amp;#0;&amp;#0;&amp;#0;&amp;#0;&amp;#0;&amp;#0;&amp;#0;&amp;#0;&amp;#0;&amp;#0;&amp;#0;&amp;#0;&amp;#0;&amp;#0;&amp;#0;&amp;#0;&amp;#0;&amp;#0;&amp;#0;&amp;#0;&amp;#0;&amp;#0;&amp;#0;&amp;#0;&amp;#0;&amp;#0;&amp;#0;&amp;#0;&amp;#0;&amp;#0;&amp;#0;&amp;#0;&amp;#0;&amp;#0;&amp;#0;&amp;#0;&amp;#0;&amp;#0;&amp;#0;&amp;#0;&amp;#0;&amp;#0;&amp;#0;&amp;#0;&amp;#0;&amp;#0;&amp;#0;&amp;#0;&amp;#0;&amp;#0;&amp;#0;&amp;#0;&amp;#0;&amp;#0;&amp;#0;&amp;#0;&amp;#0;&amp;#0;&amp;#0;&amp;#0;&amp;#0;&amp;#0;&amp;#0;&amp;#0;&amp;#0;&amp;#0;&amp;#0;&amp;#0;&amp;#0;&amp;#0;&amp;#0;&amp;#0;&amp;#0;&amp;#0;&amp;#0;&amp;#0;&amp;#0;&amp;#0;&amp;#0;&amp;#0;&amp;#0;&amp;#0;&amp;#0;&amp;#0;&amp;#0;&amp;#0;&amp;#0;&amp;#0;&amp;#0;&amp;#0;&amp;#0;&amp;#0;&amp;#0;&amp;#0;&amp;#0;&amp;#0;&amp;#0;&amp;#0;&amp;#0;&amp;#0;&amp;#0;&amp;#0;&amp;#0;&amp;#0;&amp;#0;&amp;#0;&amp;#0;&amp;#0;&amp;#0;&amp;#0;&amp;#0;&amp;#0;&amp;#0;&amp;#0;&amp;#0;&amp;#0;&amp;#0;&amp;#0;&amp;#0;&amp;#0;&amp;#0;&amp;#0;&amp;#0;&amp;#0;&amp;#0;&amp;#0;&amp;#0;&amp;#0;&amp;#0;&amp;#0;&amp;#0;&amp;#0;&amp;#0;&amp;#0;&amp;#0;&amp;#0;&amp;#0;&amp;#0;&amp;#0;&amp;#0;&amp;#0;&amp;#0;&amp;#0;&amp;#0;&amp;#0;&amp;#0;&amp;#0;&amp;#0;&amp;#0;&amp;#0;&amp;#0;&amp;#0;&amp;#0;&amp;#0;&amp;#0;&amp;#0;&amp;#0;&amp;#0;&amp;#0;&amp;#0;&amp;#0;&amp;#0;&amp;#0;&amp;#0;&amp;#0;&amp;#0;&amp;#0;&amp;#0;&amp;#0;&amp;#0;&amp;#0;&amp;#0;&amp;#0;&amp;#0;&amp;#0;&amp;#0;&amp;#0;&amp;#0;&amp;#0;&amp;#0;&amp;#0;&amp;#0;&amp;#0;&amp;#0;&amp;#0;&amp;#0;&amp;#0;&amp;#0;&amp;#0;&amp;#0;&amp;#0;&amp;#0;&amp;#0;&amp;#0;&amp;#0;&amp;#0;&amp;#0;&amp;#0;&amp;#0;&amp;#0;&amp;#0;&amp;#0;&amp;#0;&amp;#0;&amp;#0;&amp;#0;&amp;#0;&amp;#0;&amp;#0;&amp;#0;&amp;#0;&amp;#0;&amp;#0;&amp;#0;&amp;#0;&amp;#0;&amp;#0;&amp;#0;&amp;#0;&amp;#0;&amp;#0;&amp;#0;&amp;#0;&amp;#0;&amp;#0;&amp;#0;&amp;#0;&amp;#0;&amp;#0;&amp;#0;&amp;#0;&amp;#0;&amp;#0;&amp;#0;&amp;#0;&amp;#0;&amp;#0;&amp;#0;&amp;#0;&amp;#0;&amp;#0;&amp;#0;&amp;#0;&amp;#0;&amp;#0;&amp;#0;&amp;#0;&amp;#0;&amp;#0;&amp;#0;&amp;#0;&amp;#0;&amp;#0;&amp;#0;&amp;#0;&amp;#0;&amp;#0;&amp;#0;&amp;#0;&amp;#0;&amp;#0;&amp;#0;&amp;#0;&amp;#0;&amp;#0;&amp;#0;&amp;#0;&amp;#0;&amp;#0;&amp;#0;&amp;#0;&amp;#0;&amp;#0;&amp;#0;&amp;#0;&amp;#0;&amp;#0;&amp;#0;&amp;#0;&amp;#0;&amp;#0;&amp;#0;&amp;#0;&amp;#0;&amp;#0;&amp;#0;&amp;#0;&amp;#0;&amp;#0;&amp;#0;&amp;#0;&amp;#0;&amp;#0;&amp;#0;&amp;#0;&amp;#0;&amp;#0;&amp;#0;&amp;#0;&amp;#0;&amp;#0;&amp;#0;&amp;#0;&amp;#0;&amp;#0;&amp;#0;&amp;#0;&amp;#0;&amp;#0;&amp;#0;&amp;#0;&amp;#0;&amp;#0;&amp;#0;&amp;#0;&amp;#0;&amp;#0;&amp;#0;&amp;#0;&amp;#0;&amp;#0;&amp;#0;&amp;#0;&amp;#0;&amp;#0;&amp;#0;&amp;#0;&amp;#0;&amp;#0;&amp;#0;&amp;#0;&amp;#0;&amp;#0;&amp;#0;&amp;#0;&amp;#0;&amp;#0;&amp;#0;&amp;#0;&amp;#0;&amp;#0;&amp;#0;&amp;#0;&amp;#0;&amp;#0;&amp;#0;&amp;#0;&amp;#0;&amp;#0;&amp;#0;&amp;#0;&amp;#0;&amp;#0;&amp;#0;&amp;#0;&amp;#0;&amp;#0;&amp;#0;&amp;#0;&amp;#0;&amp;#0;&amp;#0;&amp;#0;&amp;#0;&amp;#0;&amp;#0;&amp;#0;&amp;#0;&amp;#0;&amp;#0;&amp;#0;&amp;#0;&amp;#0;&amp;#0;&amp;#0;&amp;#0;&amp;#0;&amp;#0;&amp;#0;&amp;#0;&amp;#0;&amp;#0;&amp;#0;&amp;#0;&amp;#0;&amp;#0;&amp;#0;&amp;#0;&amp;#0;&amp;#0;&amp;#0;&amp;#0;&amp;#0;&amp;#0;&amp;#0;&amp;#0;&amp;#0;&amp;#0;&amp;#0;&amp;#0;&amp;#0;&amp;#0;&amp;#0;&amp;#0;&amp;#0;&amp;#0;&amp;#0;&amp;#0;&amp;#0;&amp;#0;&amp;#0;&amp;#0;&amp;#0;&amp;#0;&amp;#0;&amp;#0;&amp;#0;&amp;#0;&amp;#0;&amp;#0;&amp;#0;&amp;#0;&amp;#0;&amp;#0;&amp;#0;&amp;#0;&amp;#0;&amp;#0;&amp;#0;&amp;#0;&amp;#0;&amp;#0;&amp;#0;&amp;#0;&amp;#0;&amp;#0;&amp;#0;&amp;#0;&amp;#0;&amp;#0;&amp;#0;&amp;#0;&amp;#0;&amp;#0;&amp;#0;&amp;#0;&amp;#0;&amp;#0;&amp;#0;&amp;#0;&amp;#0;&amp;#0;&amp;#0;&amp;#0;&amp;#0;&amp;#0;&amp;#0;&amp;#0;&amp;#0;&amp;#0;&amp;#0;&amp;#0;&amp;#0;&amp;#0;&amp;#0;&amp;#0;&amp;#0;&amp;#0;&amp;#0;&amp;#0;&amp;#0;&amp;#0;&amp;#0;&amp;#0;&amp;#0;&amp;#0;&amp;#0;&amp;#0;&amp;#0;&amp;#0;&amp;#0;&amp;#0;&amp;#0;&amp;#0;&amp;#0;&amp;#0;&amp;#0;&amp;#0;&amp;#0;&amp;#0;&amp;#0;&amp;#0;&amp;#0;&amp;#0;&amp;#0;&amp;#0;&amp;#0;&amp;#0;&amp;#0;&amp;#0;&amp;#0;&amp;#0;&amp;#0;&amp;#0;&amp;#0;&amp;#0;&amp;#0;&amp;#0;&amp;#0;&amp;#0;&amp;#0;&amp;#0;&amp;#0;&amp;#0;&amp;#0;&amp;#0;&amp;#0;&amp;#0;&amp;#0;&amp;#0;&amp;#0;&amp;#0;&amp;#0;&amp;#0;&amp;#0;&amp;#0;&amp;#0;&amp;#0;&amp;#0;&amp;#0;&amp;#0;&amp;#0;&amp;#0;&amp;#0;&amp;#0;&amp;#0;&amp;#0;&amp;#0;&amp;#0;&amp;#0;&amp;#0;&amp;#0;&amp;#0;&amp;#0;&amp;#0;&amp;#0;&amp;#0;&amp;#0;&amp;#0;&amp;#0;&amp;#0;&amp;#0;&amp;#0;&amp;#0;&amp;#0;&amp;#0;&amp;#0;&amp;#0;&amp;#0;&amp;#0;&amp;#0;&amp;#0;&amp;#0;&amp;#0;&amp;#0;&amp;#0;&amp;#0;&amp;#0;&amp;#0;&amp;#0;&amp;#0;&amp;#0;&amp;#0;&amp;#0;&amp;#0;&amp;#0;&amp;#0;&amp;#0;&amp;#0;&amp;#0;&amp;#0;&amp;#0;&amp;#0;&amp;#0;&amp;#0;&amp;#0;&amp;#0;&amp;#0;&amp;#0;&amp;#0;&amp;#0;&amp;#0;&amp;#0;&amp;#0;&amp;#0;&amp;#0;&amp;#0;&amp;#0;&amp;#0;&amp;#0;&amp;#0;&amp;#0;&amp;#0;&amp;#0;&amp;#0;&amp;#0;&amp;#0;&amp;#0;&amp;#0;&amp;#0;&amp;#0;&amp;#0;&amp;#0;&amp;#0;&amp;#0;&amp;#0;&amp;#0;&amp;#0;&amp;#0;&amp;#0;&amp;#0;&amp;#0;&amp;#0;&amp;#0;&amp;#0;&amp;#0;&amp;#0;&amp;#0;&amp;#0;&amp;#0;&amp;#0;&amp;#0;&amp;#0;&amp;#0;&amp;#0;&amp;#0;&amp;#0;&amp;#0;&amp;#0;&amp;#0;&amp;#0;&amp;#0;&amp;#0;&amp;#0;&amp;#0;&amp;#0;&amp;#0;&amp;#0;&amp;#0;&amp;#0;&amp;#0;&amp;#0;&amp;#0;&amp;#0;&amp;#0;&amp;#0;&amp;#0;&amp;#0;&amp;#0;&amp;#0;&amp;#0;&amp;#0;&amp;#0;&amp;#0;&amp;#0;&amp;#0;&amp;#0;&amp;#0;&amp;#0;&amp;#0;&amp;#0;&amp;#0;&amp;#0;&amp;#0;&amp;#0;&amp;#0;&amp;#0;&amp;#0;&amp;#0;&amp;#0;&amp;#0;&amp;#0;&amp;#0;&amp;#0;&amp;#0;&amp;#0;&amp;#0;&amp;#0;&amp;#0;&amp;#0;&amp;#0;&amp;#0;&amp;#0;&amp;#0;&amp;#0;&amp;#0;&amp;#0;&amp;#0;&amp;#0;&amp;#0;&amp;#0;&amp;#0;&amp;#0;&amp;#0;&amp;#0;&amp;#0;&amp;#0;&amp;#0;&amp;#0;&amp;#0;&amp;#0;&amp;#0;&amp;#0;&amp;#0;&amp;#0;&amp;#0;&amp;#0;&amp;#0;&amp;#0;&amp;#0;&amp;#0;&amp;#0;&amp;#0;&amp;#0;&amp;#0;&amp;#0;&amp;#0;&amp;#0;&amp;#0;&amp;#0;&amp;#0;&amp;#0;&amp;#0;&amp;#0;&amp;#0;&amp;#0;&amp;#0;&amp;#0;&amp;#0;&amp;#0;&amp;#0;&amp;#0;&amp;#0;&amp;#0;&amp;#0;&amp;#0;&amp;#0;&amp;#0;&amp;#0;&amp;#0;&amp;#0;&amp;#0;&amp;#0;&amp;#0;&amp;#0;&amp;#0;&amp;#0;&amp;#0;&amp;#0;&amp;#0;&amp;#0;&amp;#0;&amp;#0;&amp;#0;&amp;#0;&amp;#0;&amp;#0;&amp;#0;&amp;#0;&amp;#0;&amp;#0;&amp;#0;&amp;#0;&amp;#0;&amp;#0;&amp;#0;&amp;#0;&amp;#0;&amp;#0;&amp;#0;&amp;#0;&amp;#0;&amp;#0;&amp;#0;&amp;#0;&amp;#0;&amp;#0;&amp;#0;&amp;#0;&amp;#0;&amp;#0;&amp;#0;&amp;#0;&amp;#0;&amp;#0;&amp;#0;&amp;#0;&amp;#0;&amp;#0;&amp;#0;&amp;#0;&amp;#0;&amp;#0;&amp;#0;&amp;#0;&amp;#0;&amp;#0;&amp;#0;&amp;#0;&amp;#0;&amp;#0;&amp;#0;&amp;#0;&amp;#0;&amp;#0;&amp;#0;&amp;#0;&amp;#0;&amp;#0;&amp;#0;&amp;#0;&amp;#0;&amp;#0;&amp;#0;&amp;#0;&amp;#0;&amp;#0;&amp;#0;&amp;#0;&amp;#0;&amp;#0;&amp;#0;&amp;#0;&amp;#0;&amp;#0;&amp;#0;&amp;#0;&amp;#0;&amp;#0;&amp;#0;&amp;#0;&amp;#0;&amp;#0;&amp;#0;&amp;#0;&amp;#0;&amp;#0;&amp;#0;&amp;#0;&amp;#0;&amp;#0;&amp;#0;&amp;#0;&amp;#0;&amp;#0;&amp;#0;&amp;#0;&amp;#0;&amp;#0;&amp;#0;&amp;#0;&amp;#0;&amp;#0;&amp;#0;&amp;#0;&amp;#0;&amp;#0;&amp;#0;&amp;#0;&amp;#0;&amp;#0;&amp;#0;&amp;#0;&amp;#0;&amp;#0;&amp;#0;&amp;#0;&amp;#0;&amp;#0;&amp;#0;&amp;#0;&amp;#0;&amp;#0;&amp;#0;&amp;#0;&amp;#0;&amp;#0;&amp;#0;&amp;#0;&amp;#0;&amp;#0;&amp;#0;&amp;#0;&amp;#0;&amp;#0;&amp;#0;&amp;#0;&amp;#0;&amp;#0;&amp;#0;&amp;#0;&amp;#0;&amp;#0;&amp;#0;&amp;#0;&amp;#0;&amp;#0;&amp;#0;&amp;#0;&amp;#0;&amp;#0;&amp;#0;&amp;#0;&amp;#0;&amp;#0;&amp;#0;&amp;#0;&amp;#0;&amp;#0;&amp;#0;&amp;#0;&amp;#0;&amp;#0;&amp;#0;&amp;#0;&amp;#0;&amp;#0;&amp;#0;&amp;#0;&amp;#0;&amp;#0;&amp;#0;&amp;#0;&amp;#0;&amp;#0;&amp;#0;&amp;#0;&amp;#0;&amp;#0;&amp;#0;&amp;#0;&amp;#0;&amp;#
[...]
	at org.junit.rules.RunRules.evaluate(RunRules.java:20)
	at org.junit.runners.ParentRunner.runLeaf(ParentRunner.java:325)
	at org.junit.runners.BlockJUnit4ClassRunner.runChild(BlockJUnit4ClassRunner.java:78)
	at org.junit.runners.BlockJUnit4ClassRunner.runChild(BlockJUnit4ClassRunner.java:57)
	at org.junit.runners.ParentRunner$3.run(ParentRunner.java:290)
	at org.junit.runners.ParentRunner$1.schedule(ParentRunner.java:71)
	at org.junit.runners.ParentRunner.runChildren(ParentRunner.java:288)
	at org.junit.runners.ParentRunner.access$000(ParentRunner.java:58)
	at org.junit.runners.ParentRunner$2.evaluate(ParentRunner.java:268)
	at org.junit.runners.ParentRunner.run(ParentRunner.java:363)
	at org.apache.maven.surefire.junit4.JUnit4Provider.execute(JUnit4Provider.java:252)
	at org.apache.maven.surefire.junit4.JUnit4Provider.executeTestSet(JUnit4Provider.java:141)
	at org.apache.maven.surefire.junit4.JUnit4Provider.invoke(JUnit4Provider.java:112)
	at sun.reflect.NativeMethodAccessorImpl.invoke0(Native Method)
	at sun.reflect.NativeMethodAccessorImpl.invoke(NativeMethodAccessorImpl.java:62)
	at sun.reflect.DelegatingMethodAccessorImpl.invoke(DelegatingMethodAccessorImpl.java:43)
	at java.lang.reflect.Method.invoke(Method.java:497)
	at org.apache.maven.surefire.util.ReflectionUtils.invokeMethodWithArray(ReflectionUtils.java:189)
	at org.apache.maven.surefire.booter.ProviderFactory$ProviderProxy.invoke(ProviderFactory.java:165)
	at org.apache.maven.surefire.booter.ProviderFactory.invokeProvider(ProviderFactory.java:85)
	at org.apache.maven.surefire.booter.ForkedBooter.runSuitesInProcess(ForkedBooter.java:115)
	at org.apache.maven.surefire.booter.ForkedBooter.main(ForkedBooter.java:75)
</failure>
    <system-out>12:46:32.912 [main] INFO  - Starting test: testwhileinstruction_while_constant_conditions_skip_ok()...
org.apache.commons.cli.CommandLine@790132f7
12:46:32.923 [main] DEBUG - Initialisation
12:46:32.923 [main] DEBUG - Input file set to C:\Users\Nathalie Masudi\b314-Jour-MonkeyIsland\target\test-classes\syntax\whileinstruction\ok\while_constant_conditions_skip.b314
12:46:32.924 [main] DEBUG - Output file set to C:\Users\NATHAL~1\AppData\Local\Temp\junit5745999799552509975\junit8245471867579436671.tmp
12:46:32.924 [main] DEBUG - Initialisation: done
jessica1
12:46:32.924 [main] DEBUG - Parsing input
/* My comments */ 
declare and retain 
    b as boolean;
    i as integer;
    s as square;
when your turn
by default
    do 
        while true do skip done
        while false do skip done
        while graal is north do skip done
        while graal is south do skip done
        while graal is east do skip done
        while graal is west do skip done
        while ennemi is north do skip done
        while ennemi is south do skip done
        while ennemi is east do skip done
        while ennemi is west do skip done
    done

&amp;#0;&amp;#0;&amp;#0;&amp;#0;&amp;#0;&amp;#0;&amp;#0;&amp;#0;&amp;#0;&amp;#0;&amp;#0;&amp;#0;&amp;#0;&amp;#0;&amp;#0;&amp;#0;&amp;#0;&amp;#0;&amp;#0;&amp;#0;&amp;#0;&amp;#0;&amp;#0;&amp;#0;&amp;#0;&amp;#0;&amp;#0;&amp;#0;&amp;#0;&amp;#0;&amp;#0;&amp;#0;&amp;#0;&amp;#0;&amp;#0;&amp;#0;&amp;#0;&amp;#0;&amp;#0;&amp;#0;&amp;#0;&amp;#0;&amp;#0;&amp;#0;&amp;#0;&amp;#0;&amp;#0;&amp;#0;&amp;#0;&amp;#0;&amp;#0;&amp;#0;&amp;#0;&amp;#0;&amp;#0;&amp;#0;&amp;#0;&amp;#0;&amp;#0;&amp;#0;&amp;#0;&amp;#0;&amp;#0;&amp;#0;&amp;#0;&amp;#0;&amp;#0;&amp;#0;&amp;#0;&amp;#0;&amp;#0;&amp;#0;&amp;#0;&amp;#0;&amp;#0;&amp;#0;&amp;#0;&amp;#0;&amp;#0;&amp;#0;&amp;#0;&amp;#0;&amp;#0;&amp;#0;&amp;#0;&amp;#0;&amp;#0;&amp;#0;&amp;#0;&amp;#0;&amp;#0;&amp;#0;&amp;#0;&amp;#0;&amp;#0;&amp;#0;&amp;#0;&amp;#0;&amp;#0;&amp;#0;&amp;#0;&amp;#0;&amp;#0;&amp;#0;&amp;#0;&amp;#0;&amp;#0;&amp;#0;&amp;#0;&amp;#0;&amp;#0;&amp;#0;&amp;#0;&amp;#0;&amp;#0;&amp;#0;&amp;#0;&amp;#0;&amp;#0;&amp;#0;&amp;#0;&amp;#0;&amp;#0;&amp;#0;&amp;#0;&amp;#0;&amp;#0;&amp;#0;&amp;#0;&amp;#0;&amp;#0;&amp;#0;&amp;#0;&amp;#0;&amp;#0;&amp;#0;&amp;#0;&amp;#0;&amp;#0;&amp;#0;&amp;#0;&amp;#0;&amp;#0;&amp;#0;&amp;#0;&amp;#0;&amp;#0;&amp;#0;&amp;#0;&amp;#0;&amp;#0;&amp;#0;&amp;#0;&amp;#0;&amp;#0;&amp;#0;&amp;#0;&amp;#0;&amp;#0;&amp;#0;&amp;#0;&amp;#0;&amp;#0;&amp;#0;&amp;#0;&amp;#0;&amp;#0;&amp;#0;&amp;#0;&amp;#0;&amp;#0;&amp;#0;&amp;#0;&amp;#0;&amp;#0;&amp;#0;&amp;#0;&amp;#0;&amp;#0;&amp;#0;&amp;#0;&amp;#0;&amp;#0;&amp;#0;&amp;#0;&amp;#0;&amp;#0;&amp;#0;&amp;#0;&amp;#0;&amp;#0;&amp;#0;&amp;#0;&amp;#0;&amp;#0;&amp;#0;&amp;#0;&amp;#0;&amp;#0;&amp;#0;&amp;#0;&amp;#0;&amp;#0;&amp;#0;&amp;#0;&amp;#0;&amp;#0;&amp;#0;&amp;#0;&amp;#0;&amp;#0;&amp;#0;&amp;#0;&amp;#0;&amp;#0;&amp;#0;&amp;#0;&amp;#0;&amp;#0;&amp;#0;&amp;#0;&amp;#0;&amp;#0;&amp;#0;&amp;#0;&amp;#0;&amp;#0;&amp;#0;&amp;#0;&amp;#0;&amp;#0;&amp;#0;&amp;#0;&amp;#0;&amp;#0;&amp;#0;&amp;#0;&amp;#0;&amp;#0;&amp;#0;&amp;#0;&amp;#0;&amp;#0;&amp;#0;&amp;#0;&amp;#0;&amp;#0;&amp;#0;&amp;#0;&amp;#0;&amp;#0;&amp;#0;&amp;#0;&amp;#0;&amp;#0;&amp;#0;&amp;#0;&amp;#0;&amp;#0;&amp;#0;&amp;#0;&amp;#0;&amp;#0;&amp;#0;&amp;#0;&amp;#0;&amp;#0;&amp;#0;&amp;#0;&amp;#0;&amp;#0;&amp;#0;&amp;#0;&amp;#0;&amp;#0;&amp;#0;&amp;#0;&amp;#0;&amp;#0;&amp;#0;&amp;#0;&amp;#0;&amp;#0;&amp;#0;&amp;#0;&amp;#0;&amp;#0;&amp;#0;&amp;#0;&amp;#0;&amp;#0;&amp;#0;&amp;#0;&amp;#0;&amp;#0;&amp;#0;&amp;#0;&amp;#0;&amp;#0;&amp;#0;&amp;#0;&amp;#0;&amp;#0;&amp;#0;&amp;#0;&amp;#0;&amp;#0;&amp;#0;&amp;#0;&amp;#0;&amp;#0;&amp;#0;&amp;#0;&amp;#0;&amp;#0;&amp;#0;&amp;#0;&amp;#0;&amp;#0;&amp;#0;&amp;#0;&amp;#0;&amp;#0;&amp;#0;&amp;#0;&amp;#0;&amp;#0;&amp;#0;&amp;#0;&amp;#0;&amp;#0;&amp;#0;&amp;#0;&amp;#0;&amp;#0;&amp;#0;&amp;#0;&amp;#0;&amp;#0;&amp;#0;&amp;#0;&amp;#0;&amp;#0;&amp;#0;&amp;#0;&amp;#0;&amp;#0;&amp;#0;&amp;#0;&amp;#0;&amp;#0;&amp;#0;&amp;#0;&amp;#0;&amp;#0;&amp;#0;&amp;#0;&amp;#0;&amp;#0;&amp;#0;&amp;#0;&amp;#0;&amp;#0;&amp;#0;&amp;#0;&amp;#0;&amp;#0;&amp;#0;&amp;#0;&amp;#0;&amp;#0;&amp;#0;&amp;#0;&amp;#0;&amp;#0;&amp;#0;&amp;#0;&amp;#0;&amp;#0;&amp;#0;&amp;#0;&amp;#0;&amp;#0;&amp;#0;&amp;#0;&amp;#0;&amp;#0;&amp;#0;&amp;#0;&amp;#0;&amp;#0;&amp;#0;&amp;#0;&amp;#0;&amp;#0;&amp;#0;&amp;#0;&amp;#0;&amp;#0;&amp;#0;&amp;#0;&amp;#0;&amp;#0;&amp;#0;&amp;#0;&amp;#0;&amp;#0;&amp;#0;&amp;#0;&amp;#0;&amp;#0;&amp;#0;&amp;#0;&amp;#0;&amp;#0;&amp;#0;&amp;#0;&amp;#0;&amp;#0;&amp;#0;&amp;#0;&amp;#0;&amp;#0;&amp;#0;&amp;#0;&amp;#0;&amp;#0;&amp;#0;&amp;#0;&amp;#0;&amp;#0;&amp;#0;&amp;#0;&amp;#0;&amp;#0;&amp;#0;&amp;#0;&amp;#0;&amp;#0;&amp;#0;&amp;#0;&amp;#0;&amp;#0;&amp;#0;&amp;#0;&amp;#0;&amp;#0;&amp;#0;&amp;#0;&amp;#0;&amp;#0;&amp;#0;&amp;#0;&amp;#0;&amp;#0;&amp;#0;&amp;#0;&amp;#0;&amp;#0;&amp;#0;&amp;#0;&amp;#0;&amp;#0;&amp;#0;&amp;#0;&amp;#0;&amp;#0;&amp;#0;&amp;#0;&amp;#0;&amp;#0;&amp;#0;&amp;#0;&amp;#0;&amp;#0;&amp;#0;&amp;#0;&amp;#0;&amp;#0;&amp;#0;&amp;#0;&amp;#0;&amp;#0;&amp;#0;&amp;#0;&amp;#0;&amp;#0;&amp;#0;&amp;#0;&amp;#0;&amp;#0;&amp;#0;&amp;#0;&amp;#0;&amp;#0;&amp;#0;&amp;#0;&amp;#0;&amp;#0;&amp;#0;&amp;#0;&amp;#0;&amp;#0;&amp;#0;&amp;#0;&amp;#0;&amp;#0;&amp;#0;&amp;#0;&amp;#0;&amp;#0;&amp;#0;&amp;#0;&amp;#0;&amp;#0;&amp;#0;&amp;#0;&amp;#0;&amp;#0;&amp;#0;&amp;#0;&amp;#0;&amp;#0;&amp;#0;&amp;#0;&amp;#0;&amp;#0;&amp;#0;&amp;#0;&amp;#0;&amp;#0;&amp;#0;&amp;#0;&amp;#0;&amp;#0;&amp;#0;&amp;#0;&amp;#0;&amp;#0;&amp;#0;&amp;#0;&amp;#0;&amp;#0;&amp;#0;&amp;#0;&amp;#0;&amp;#0;&amp;#0;&amp;#0;&amp;#0;&amp;#0;&amp;#0;&amp;#0;&amp;#0;&amp;#0;&amp;#0;&amp;#0;&amp;#0;&amp;#0;&amp;#0;&amp;#0;&amp;#0;&amp;#0;&amp;#0;&amp;#0;&amp;#0;&amp;#0;&amp;#0;&amp;#0;&amp;#0;&amp;#0;&amp;#0;&amp;#0;&amp;#0;&amp;#0;&amp;#0;&amp;#0;&amp;#0;&amp;#0;&amp;#0;&amp;#0;&amp;#0;&amp;#0;&amp;#0;&amp;#0;&amp;#0;&amp;#0;&amp;#0;&amp;#0;&amp;#0;&amp;#0;&amp;#0;&amp;#0;&amp;#0;&amp;#0;&amp;#0;&amp;#0;&amp;#0;&amp;#0;&amp;#0;&amp;#0;&amp;#0;&amp;#0;&amp;#0;&amp;#0;&amp;#0;&amp;#0;&amp;#0;&amp;#0;&amp;#0;&amp;#0;&amp;#0;&amp;#0;&amp;#0;&amp;#0;&amp;#0;&amp;#0;&amp;#0;&amp;#0;&amp;#0;&amp;#0;&amp;#0;&amp;#0;&amp;#0;&amp;#0;&amp;#0;&amp;#0;&amp;#0;&amp;#0;&amp;#0;&amp;#0;&amp;#0;&amp;#0;&amp;#0;&amp;#0;&amp;#0;&amp;#0;&amp;#0;&amp;#0;&amp;#0;&amp;#0;&amp;#0;&amp;#0;&amp;#0;&amp;#0;&amp;#0;&amp;#0;&amp;#0;&amp;#0;&amp;#0;&amp;#0;&amp;#0;&amp;#0;&amp;#0;&amp;#0;&amp;#0;&amp;#0;&amp;#0;&amp;#0;&amp;#0;&amp;#0;&amp;#0;&amp;#0;&amp;#0;&amp;#0;&amp;#0;&amp;#0;&amp;#0;&amp;#0;&amp;#0;&amp;#0;&amp;#0;&amp;#0;&amp;#0;&amp;#0;&amp;#0;&amp;#0;&amp;#0;&amp;#0;&amp;#0;&amp;#0;&amp;#0;&amp;#0;&amp;#0;&amp;#0;&amp;#0;&amp;#0;&amp;#0;&amp;#0;&amp;#0;&amp;#0;&amp;#0;&amp;#0;&amp;#0;&amp;#0;&amp;#0;&amp;#0;&amp;#0;&amp;#0;&amp;#0;&amp;#0;&amp;#0;&amp;#0;&amp;#0;&amp;#0;&amp;#0;&amp;#0;&amp;#0;&amp;#0;&amp;#0;&amp;#0;&amp;#0;&amp;#0;&amp;#0;&amp;#0;&amp;#0;&amp;#0;&amp;#0;&amp;#0;&amp;#0;&amp;#0;&amp;#0;&amp;#0;&amp;#0;&amp;#0;&amp;#0;&amp;#0;&amp;#0;&amp;#0;&amp;#0;&amp;#0;&amp;#0;&amp;#0;&amp;#0;&amp;#0;&amp;#0;&amp;#0;&amp;#0;&amp;#0;&amp;#0;&amp;#0;&amp;#0;&amp;#0;&amp;#0;&amp;#0;&amp;#0;&amp;#0;&amp;#0;&amp;#0;&amp;#0;&amp;#0;&amp;#0;&amp;#0;&amp;#0;&amp;#0;&amp;#0;&amp;#0;&amp;#0;&amp;#0;&amp;#0;&amp;#0;&amp;#0;&amp;#0;&amp;#0;&amp;#0;&amp;#0;&amp;#0;&amp;#0;&amp;#0;&amp;#0;&amp;#0;&amp;#0;&amp;#0;&amp;#0;&amp;#0;&amp;#0;&amp;#0;&amp;#0;&amp;#0;&amp;#0;&amp;#0;&amp;#0;&amp;#0;&amp;#0;&amp;#0;&amp;#0;&amp;#0;&amp;#0;&amp;#0;&amp;#0;&amp;#0;&amp;#0;&amp;#0;&amp;#0;&amp;#0;&amp;#0;&amp;#0;&amp;#0;&amp;#0;&amp;#0;&amp;#0;&amp;#0;&amp;#0;&amp;#0;&amp;#0;&amp;#0;&amp;#0;&amp;#0;&amp;#0;&amp;#0;&amp;#0;&amp;#0;&amp;#0;&amp;#0;&amp;#0;&amp;#0;&amp;#0;&amp;#0;&amp;#0;&amp;#0;&amp;#0;&amp;#0;&amp;#0;&amp;#0;&amp;#0;&amp;#0;&amp;#0;&amp;#0;&amp;#0;&amp;#0;&amp;#0;&amp;#0;&amp;#0;&amp;#0;&amp;#0;&amp;#0;&amp;#0;&amp;#0;&amp;#0;&amp;#0;&amp;#0;&amp;#0;&amp;#0;&amp;#0;&amp;#0;&amp;#0;&amp;#0;&amp;#0;&amp;#0;&amp;#0;&amp;#0;&amp;#0;&amp;#0;&amp;#0;&amp;#0;&amp;#0;&amp;#0;&amp;#0;&amp;#0;&amp;#0;&amp;#0;&amp;#0;&amp;#0;&amp;#0;&amp;#0;&amp;#0;&amp;#0;&amp;#0;&amp;#0;&amp;#0;&amp;#0;&amp;#0;&amp;#0;&amp;#0;&amp;#0;&amp;#0;&amp;#0;&amp;#0;&amp;#0;&amp;#0;&amp;#0;&amp;#0;&amp;#0;&amp;#0;&amp;#0;&amp;#0;&amp;#0;&amp;#0;&amp;#0;&amp;#0;&amp;#0;&amp;#0;&amp;#0;&amp;#0;&amp;#0;&amp;#0;&amp;#0;&amp;#0;&amp;#0;&amp;#0;&amp;#0;&amp;#0;&amp;#0;&amp;#0;&amp;#0;&amp;#0;&amp;#0;&amp;#0;&amp;#0;&amp;#0;&amp;#0;&amp;#0;&amp;#0;&amp;#0;&amp;#0;&amp;#0;&amp;#0;&amp;#0;&amp;#0;&amp;#0;&amp;#0;&amp;#0;&amp;#0;&amp;#0;&amp;#0;&amp;#0;&amp;#0;&amp;#0;&amp;#0;&amp;#0;&amp;#0;&amp;#0;&amp;#0;&amp;#0;&amp;#0;&amp;#0;&amp;#0;&amp;#0;&amp;#0;&amp;#0;&amp;#0;&amp;#0;&amp;#0;&amp;#0;&amp;#0;&amp;#0;&amp;#0;&amp;#0;&amp;#0;&amp;#0;&amp;#0;&amp;#0;&amp;#0;&amp;#0;&amp;#0;&amp;#0;&amp;#0;&amp;#0;&amp;#0;&amp;#0;&amp;#0;&amp;#0;&amp;#0;&amp;#0;&amp;#0;&amp;#0;&amp;#0;&amp;#0;&amp;#0;&amp;#0;&amp;#0;&amp;#0;&amp;#0;&amp;#0;&amp;#0;&amp;#0;&amp;#0;&amp;#0;&amp;#0;&amp;#0;&amp;#0;&amp;#0;&amp;#0;&amp;#0;&amp;#0;&amp;#0;&amp;#0;&amp;#0;&amp;#0;&amp;#0;&amp;#0;&amp;#0;&amp;#0;&amp;#0;&amp;#0;&amp;#0;&amp;#0;&amp;#0;&amp;#0;&amp;#0;&amp;#0;&amp;#0;&amp;#0;&amp;#0;&amp;#0;&amp;#0;&amp;#0;&amp;#0;&amp;#0;&amp;#0;&amp;#0;&amp;#0;&amp;#0;&amp;#0;&amp;#0;&amp;#0;&amp;#0;&amp;#0;&amp;#0;&amp;#0;&amp;#0;&amp;#0;&amp;#0;&amp;#0;&amp;#0;&amp;#0;&amp;#0;&amp;#0;&amp;#0;&amp;#0;&amp;#0;&amp;#0;&amp;#0;&amp;#0;&amp;#0;&amp;#0;&amp;#0;&amp;#0;&amp;#0;&amp;#0;&amp;#0;&amp;#0;&amp;#0;&amp;#0;&amp;#0;&amp;#0;&amp;#0;&amp;#0;&amp;#0;&amp;#0;&amp;#0;&amp;#0;&amp;#0;&amp;#0;&amp;#0;&amp;#0;&amp;#0;&amp;#0;&amp;#0;&amp;#0;&amp;#0;&amp;#0;&amp;#0;&amp;#0;&amp;#0;&amp;#0;&amp;#0;&amp;#0;&amp;#0;&amp;#0;&amp;#0;&amp;#0;&amp;#0;&amp;#0;&amp;#0;&amp;#0;&amp;#0;&amp;#0;&amp;#0;&amp;#0;&amp;#0;&amp;#0;&amp;#0;&amp;#0;&amp;#0;&amp;#0;&amp;#0;&amp;#0;&amp;#0;&amp;#0;&amp;#0;&amp;#0;&amp;#0;&amp;#0;&amp;#0;&amp;#0;&amp;#0;&amp;#0;&amp;#0;&amp;#0;&amp;#0;&amp;#0;&amp;#0;&amp;#0;&amp;#0;&amp;#0;&amp;#0;&amp;#0;&amp;#0;&amp;#0;&amp;#0;&amp;#0;&amp;#0;&amp;#0;&amp;#0;&amp;#0;&amp;#0;&amp;#0;&amp;#0;&amp;#0;&amp;#0;&amp;#0;&amp;#0;&amp;#0;&amp;#0;&amp;#0;&amp;#0;&amp;#0;&amp;#0;&amp;#0;&amp;#0;&amp;#0;&amp;#0;&amp;#0;&amp;#0;&amp;#0;&amp;#0;&amp;#0;&amp;#0;&amp;#0;&amp;#0;&amp;#0;&amp;#0;&amp;#0;&amp;#0;&amp;#0;&amp;#0;&amp;#0;&amp;#0;&amp;#0;&amp;#0;&amp;#0;&amp;#0;&amp;#0;&amp;#0;&amp;#0;&amp;#0;&amp;#0;&amp;#0;&amp;#0;&amp;#0;&amp;#0;&amp;#0;&amp;#0;&amp;#0;&amp;#0;&amp;#0;&amp;#0;&amp;#0;&amp;#0;&amp;#0;&amp;#0;&amp;#0;&amp;#0;&amp;#0;&amp;#0;&amp;#0;&amp;#0;&amp;#0;&amp;#0;&amp;#0;&amp;#0;&amp;#0;&amp;#0;&amp;#0;&amp;#0;&amp;#0;&amp;#0;&amp;#0;&amp;#0;&amp;#0;&amp;#0;&amp;#0;&amp;#0;&amp;#0;&amp;#0;&amp;#0;&amp;#0;&amp;#0;&amp;#0;&amp;#0;&amp;#0;&amp;#0;&amp;#0;&amp;#0;&amp;#0;&amp;#0;&amp;#0;&amp;#0;&amp;#0;&amp;#0;&amp;#0;&amp;#0;&amp;#0;&amp;#0;&amp;#0;&amp;#0;&amp;#0;&amp;#0;&amp;#0;&amp;#0;&amp;#0;&amp;#0;&amp;#0;&amp;#0;&amp;#0;&amp;#0;&amp;#0;&amp;#0;&amp;#0;&amp;#0;&amp;#0;&amp;#0;&amp;#0;&amp;#0;&amp;#0;&amp;#0;&amp;#0;&amp;#0;&amp;#0;&amp;#0;&amp;#0;&amp;#0;&amp;#0;&amp;#0;&amp;#0;&amp;#0;&amp;#0;&amp;#0;&amp;#0;&amp;#0;&amp;#0;&amp;#0;&amp;#0;&amp;#0;&amp;#0;&amp;#0;&amp;#0;&amp;#0;&amp;#0;&amp;#0;&amp;#0;&amp;#0;&amp;#0;&amp;#0;&amp;#0;&amp;#0;&amp;#0;&amp;#0;&amp;#0;&amp;#0;&amp;#0;&amp;#0;&amp;#0;&amp;#0;&amp;#0;&amp;#0;&amp;#0;&amp;#0;&amp;#0;&amp;#0;&amp;#0;&amp;#0;&amp;#0;&amp;#0;&amp;#0;&amp;#0;&amp;#0;&amp;#0;&amp;#0;&amp;#0;&amp;#0;&amp;#0;&amp;#0;&amp;#0;&amp;#0;&amp;#0;&amp;#0;&amp;#0;&amp;#0;&amp;#0;&amp;#0;&amp;#0;&amp;#0;&amp;#0;&amp;#0;&amp;#0;&amp;#0;&amp;#0;&amp;#0;&amp;#0;&amp;#0;&amp;#0;&amp;#0;&amp;#0;&amp;#0;&amp;#0;&amp;#0;&amp;#0;&amp;#0;&amp;#0;&amp;#0;&amp;#0;&amp;#0;&amp;#0;&amp;#0;&amp;#0;&amp;#0;&amp;#0;&amp;#0;&amp;#0;&amp;#0;&amp;#0;&amp;#0;&amp;#0;&amp;#0;&amp;#0;&amp;#0;&amp;#0;&amp;#0;&amp;#0;&amp;#0;&amp;#0;&amp;#0;&amp;#0;&amp;#0;&amp;#0;&amp;#0;&amp;#0;&amp;#0;&amp;#0;&amp;#0;&amp;#0;&amp;#0;&amp;#0;&amp;#0;&amp;#0;&amp;#0;&amp;#0;&amp;#0;&amp;#0;&amp;#0;&amp;#0;&amp;#0;&amp;#0;&amp;#0;&amp;#0;&amp;#0;&amp;#0;&amp;#0;&amp;#0;&amp;#0;&amp;#0;&amp;#0;&amp;#0;&amp;#0;&amp;#0;&amp;#0;&amp;#0;&amp;#0;&amp;#0;&amp;#0;&amp;#0;&amp;#0;&amp;#0;&amp;#0;&amp;#0;&amp;#0;&amp;#0;&amp;#0;&amp;#0;&amp;#0;&amp;#0;&amp;#0;&amp;#0;&amp;#0;&amp;#0;&amp;#0;&amp;#0;&amp;#0;&amp;#0;&amp;#0;&amp;#0;&amp;#0;&amp;#0;&amp;#0;&amp;#0;&amp;#0;&amp;#0;&amp;#0;&amp;#0;&amp;#0;&amp;#0;&amp;#0;&amp;#0;&amp;#0;&amp;#0;&amp;#0;&amp;#0;&amp;#0;&amp;#0;&amp;#0;&amp;#0;&amp;#0;&amp;#0;&amp;#0;&amp;#0;&amp;#0;&amp;#0;&amp;#0;&amp;#0;&amp;#0;&amp;#0;&amp;#0;&amp;#0;&amp;#0;&amp;#0;&amp;#0;&amp;#0;&amp;#0;&amp;#0;&amp;#0;&amp;#0;&amp;#0;&amp;#0;&amp;#0;&amp;#0;&amp;#0;&amp;#0;&amp;#0;&amp;#0;&amp;#0;&amp;#0;&amp;#0;&amp;#0;&amp;#0;&amp;#0;&amp;#0;&amp;#0;&amp;#0;&amp;#0;&amp;#0;&amp;#0;&amp;#0;&amp;#0;&amp;#0;&amp;#0;&amp;#0;&amp;#0;&amp;#0;&amp;#0;&amp;#0;&amp;#0;&amp;#0;&amp;#0;&amp;#0;&amp;#0;&amp;#0;&amp;#0;&amp;#0;&amp;#0;&amp;#0;&amp;#0;&amp;#0;&amp;#0;&amp;#0;&amp;#0;&amp;#0;&amp;#0;&amp;#0;&amp;#0;
12:46:32.929 [main] ERROR - Je passe ici ------------------------------------------------------
12:46:32.930 [main] ERROR - Exception occured during compilation!
java.lang.RuntimeException: null
	at be.unamur.info.b314.compiler.Visitor.PCodeVisitor.visitClauseDefault(PCodeVisitor.java:179) ~[classes/:?]
	at be.unamur.info.b314.compiler.B314Parser$ClauseDefaultContext.accept(B314Parser.java:4652) ~[classes/:?]
	at org.antlr.v4.runtime.tree.AbstractParseTreeVisitor.visitChildren(AbstractParseTreeVisitor.java:46) ~[antlr4-runtime-4.6.jar:4.6]
	at be.unamur.info.b314.compiler.B314BaseVisitor.visitProgramme(B314BaseVisitor.java:510) ~[classes/:?]
	at be.unamur.info.b314.compiler.Visitor.PCodeVisitor.visitProgramme(PCodeVisitor.java:94) ~[classes/:?]
	at be.unamur.info.b314.compiler.B314Parser$ProgrammeContext.accept(B314Parser.java:4028) ~[classes/:?]
	at be.unamur.info.b314.compiler.main.Main.printPCode(Main.java:236) ~[classes/:?]
	at be.unamur.info.b314.compiler.main.Main.compile(Main.java:199) ~[classes/:?]
	at be.unamur.info.b314.compiler.main.Main.main(Main.java:79) [classes/:?]
	at be.unamur.info.b314.compiler.main.CompilerTestHelper.launchCompilation(CompilerTestHelper.java:35) [test-classes/:?]
	at be.unamur.info.b314.compiler.main.B314whileinstructionSyntaxTest.testwhileinstruction_while_constant_conditions_skip_ok(B314whileinstructionSyntaxTest.java:44) [test-classes/:?]
	at sun.reflect.NativeMethodAccessorImpl.invoke0(Native Method) ~[?:1.8.0_60]
	at sun.reflect.NativeMethodAccessorImpl.invoke(NativeMethodAccessorImpl.java:62) ~[?:1.8.0_60]
	at sun.reflect.DelegatingMethodAccessorImpl.invoke(DelegatingMethodAccessorImpl.java:43) ~[?:1.8.0_60]
	at java.lang.reflect.Method.invoke(Method.java:497) ~[?:1.8.0_60]
	at org.junit.runners.model.FrameworkMethod$1.runReflectiveCall(FrameworkMethod.java:50) [junit-4.12.jar:4.12]
	at org.junit.internal.runners.model.ReflectiveCallable.run(ReflectiveCallable.java:12) [junit-4.12.jar:4.12]
	at org.junit.runners.model.FrameworkMethod.invokeExplosively(FrameworkMethod.java:47) [junit-4.12.jar:4.12]
	at org.junit.internal.runners.statements.InvokeMethod.evaluate(InvokeMethod.java:17) [junit-4.12.jar:4.12]
	at org.junit.rules.ExternalResource$1.evaluate(ExternalResource.java:48) [junit-4.12.jar:4.12]
	at org.junit.rules.TestWatcher$1.evaluate(TestWatcher.java:55) [junit-4.12.jar:4.12]
	at org.junit.rules.RunRules.evaluate(RunRules.java:20) [junit-4.12.jar:4.12]
	at org.junit.runners.ParentRunner.runLeaf(ParentRunner.java:325) [junit-4.12.jar:4.12]
	at org.junit.runners.BlockJUnit4ClassRunner.runChild(BlockJUnit4ClassRunner.java:78) [junit-4.12.jar:4.12]
	at org.junit.runners.BlockJUnit4ClassRunner.runChild(BlockJUnit4ClassRunner.java:57) [junit-4.12.jar:4.12]
	at org.junit.runners.ParentRunner$3.run(ParentRunner.java:290) [junit-4.12.jar:4.12]
	at org.junit.runners.ParentRunner$1.schedule(ParentRunner.java:71) [junit-4.12.jar:4.12]
	at org.junit.runners.ParentRunner.runChildren(ParentRunner.java:288) [junit-4.12.jar:4.12]
	at org.junit.runners.ParentRunner.access$000(ParentRunner.java:58) [junit-4.12.jar:4.12]
	at org.junit.runners.ParentRunner$2.evaluate(ParentRunner.java:268) [junit-4.12.jar:4.12]
	at org.junit.runners.ParentRunner.run(ParentRunner.java:363) [junit-4.12.jar:4.12]
	at org.apache.maven.surefire.junit4.JUnit4Provider.execute(JUnit4Provider.java:252) [surefire-junit4-2.12.4.jar:2.12.4]
	at org.apache.maven.surefire.junit4.JUnit4Provider.executeTestSet(JUnit4Provider.java:141) [surefire-junit4-2.12.4.jar:2.12.4]
	at org.apache.maven.surefire.junit4.JUnit4Provider.invoke(JUnit4Provider.java:112) [surefire-junit4-2.12.4.jar:2.12.4]
	at sun.reflect.NativeMethodAccessorImpl.invoke0(Native Method) ~[?:1.8.0_60]
	at sun.reflect.NativeMethodAccessorImpl.invoke(NativeMethodAccessorImpl.java:62) ~[?:1.8.0_60]
	at sun.reflect.DelegatingMethodAccessorImpl.invoke(DelegatingMethodAccessorImpl.java:43) ~[?:1.8.0_60]
	at java.lang.reflect.Method.invoke(Method.java:497) ~[?:1.8.0_60]
	at org.apache.maven.surefire.util.ReflectionUtils.invokeMethodWithArray(ReflectionUtils.java:189) [surefire-api-2.12.4.jar:2.12.4]
	at org.apache.maven.surefire.booter.ProviderFactory$ProviderProxy.invoke(ProviderFactory.java:165) [surefire-booter-2.12.4.jar:2.12.4]
	at org.apache.maven.surefire.booter.ProviderFactory.invokeProvider(ProviderFactory.java:85) [surefire-booter-2.12.4.jar:2.12.4]
	at org.apache.maven.surefire.booter.ForkedBooter.runSuitesInProcess(ForkedBooter.java:115) [surefire-booter-2.12.4.jar:2.12.4]
	at org.apache.maven.surefire.booter.ForkedBooter.main(ForkedBooter.java:75) [surefire-booter-2.12.4.jar:2.12.4]
</system-out>
  </testcase>
  <testcase classname="be.unamur.info.b314.compiler.main.B314whileinstructionSyntaxTest" name="testwhileinstruction_if_wrong_type_condition_ko" time="0.212"/>
  <testcase classname="be.unamur.info.b314.compiler.main.B314whileinstructionSyntaxTest" name="testwhileinstruction_if_wrong_type_condition_1_ko" time="0.018"/>
  <testcase classname="be.unamur.info.b314.compiler.main.B314whileinstructionSyntaxTest" name="testwhileinstruction_if_wrong_type_condition_2_ko" time="0.001"/>
</testsuite>